<?xml version="1.0" encoding="UTF-8"?>
<testsuite name="NumeralSystemConverterTest" tests="1" skipped="0" failures="0" errors="0" timestamp="2022-07-01T15:40:45" hostname="LenovoPc" time="8.08">
  <properties/>
  <testcase name="start" classname="NumeralSystemConverterTest" time="8.08"/>
  <system-out><![CDATA[?[1;31m
Start test 1?[0m
Enter two numbers in format: {source base} {target base} (To quit type /exit) 
> /exit
?[1;31m
Start test 2?[0m
Enter two numbers in format: {source base} {target base} (To quit type /exit) 
> 10 2
Enter number in base 10 to convert to base 2 (To go back type /back)
> 585
Conversion result: 1001001001
Enter number in base 10 to convert to base 2 (To go back type /back)
?[1;31m
Start test 3?[0m
Enter two numbers in format: {source base} {target base} (To quit type /exit) 
> 10 2
Enter number in base 10 to convert to base 2 (To go back type /back)
> 921
Conversion result: 1110011001
Enter number in base 10 to convert to base 2 (To go back type /back)
> /back
Enter two numbers in format: {source base} {target base} (To quit type /exit) 
> 10 8
Enter number in base 10 to convert to base 8 (To go back type /back)
> 888
Conversion result: 1570
Enter number in base 10 to convert to base 8 (To go back type /back)
> /back
Enter two numbers in format: {source base} {target base} (To quit type /exit) 
> /exit
?[1;31m
Start test 4?[0m
Enter two numbers in format: {source base} {target base} (To quit type /exit) 
> 2 2
Enter number in base 2 to convert to base 2 (To go back type /back)
> 1001101011110110000111110110011100101101100011011
Conversion result: 1001101011110110000111110110011100101101100011011
Enter number in base 2 to convert to base 2 (To go back type /back)
> /back
Enter two numbers in format: {source base} {target base} (To quit type /exit) 
> 2 5
Enter number in base 2 to convert to base 5 (To go back type /back)
> 1101101111100110001010101010110000000110100001111
Conversion result: 1001340144423144142134
Enter number in base 2 to convert to base 5 (To go back type /back)
> /back
Enter two numbers in format: {source base} {target base} (To quit type /exit) 
> 2 8
Enter number in base 2 to convert to base 8 (To go back type /back)
> 11000111001001111101100000110110111011110110010
Conversion result: 3071175406673662
Enter number in base 2 to convert to base 8 (To go back type /back)
> /back
Enter two numbers in format: {source base} {target base} (To quit type /exit) 
> 2 11
Enter number in base 2 to convert to base 11 (To go back type /back)
> 1001110110001010111100100111000001000111011
Conversion result: 17A77707530A9
Enter number in base 2 to convert to base 11 (To go back type /back)
> /back
Enter two numbers in format: {source base} {target base} (To quit type /exit) 
> 2 14
Enter number in base 2 to convert to base 14 (To go back type /back)
> 100011011001111110110001111101100111100010101110
Conversion result: 2A64A5C2228D8
Enter number in base 2 to convert to base 14 (To go back type /back)
> /back
Enter two numbers in format: {source base} {target base} (To quit type /exit) 
> 2 17
Enter number in base 2 to convert to base 17 (To go back type /back)
> 10101010010011010001101010100101011010010001100
Conversion result: 2C785F9BB633
Enter number in base 2 to convert to base 17 (To go back type /back)
> /back
Enter two numbers in format: {source base} {target base} (To quit type /exit) 
> 2 20
Enter number in base 2 to convert to base 20 (To go back type /back)
> 1000101111010000111101101001110110111111001010010
Conversion result: 1A0A2A477I5E
Enter number in base 2 to convert to base 20 (To go back type /back)
> /back
Enter two numbers in format: {source base} {target base} (To quit type /exit) 
> 2 23
Enter number in base 2 to convert to base 23 (To go back type /back)
> 101111001010110010011101110010100001000001101
Conversion result: E930711D5K
Enter number in base 2 to convert to base 23 (To go back type /back)
> /back
Enter two numbers in format: {source base} {target base} (To quit type /exit) 
> 2 26
Enter number in base 2 to convert to base 26 (To go back type /back)
> 1100101110011001110011001011100100001001011111100
Conversion result: 34BPI802NJ2
Enter number in base 2 to convert to base 26 (To go back type /back)
> /back
Enter two numbers in format: {source base} {target base} (To quit type /exit) 
> 2 29
Enter number in base 2 to convert to base 29 (To go back type /back)
> 110001111110110101101011111100001110111011110010
Conversion result: F4CCALJI4N
Enter number in base 2 to convert to base 29 (To go back type /back)
> /back
Enter two numbers in format: {source base} {target base} (To quit type /exit) 
> 2 32
Enter number in base 2 to convert to base 32 (To go back type /back)
> 101001001001111010010100101111001111100010100100
Conversion result: 54JQABPU54
Enter number in base 2 to convert to base 32 (To go back type /back)
> /back
Enter two numbers in format: {source base} {target base} (To quit type /exit) 
> 2 35
Enter number in base 2 to convert to base 35 (To go back type /back)
> 1100001000110111101100001001000111000101011001010
Conversion result: 5EN2I5DJX6
Enter number in base 2 to convert to base 35 (To go back type /back)
> /back
Enter two numbers in format: {source base} {target base} (To quit type /exit) 
> 5 2
Enter number in base 5 to convert to base 2 (To go back type /back)
> 113223103213410120203
Conversion result: 11101000011111100100101111011010000001001100111
Enter number in base 5 to convert to base 2 (To go back type /back)
> /back
Enter two numbers in format: {source base} {target base} (To quit type /exit) 
> 5 5
Enter number in base 5 to convert to base 5 (To go back type /back)
> 424443304034144304123
Conversion result: 424443304034144304123
Enter number in base 5 to convert to base 5 (To go back type /back)
> /back
Enter two numbers in format: {source base} {target base} (To quit type /exit) 
> 5 8
Enter number in base 5 to convert to base 8 (To go back type /back)
> 1003332412413434234010
Conversion result: 15752525316111210
Enter number in base 5 to convert to base 8 (To go back type /back)
> /back
Enter two numbers in format: {source base} {target base} (To quit type /exit) 
> 5 11
Enter number in base 5 to convert to base 11 (To go back type /back)
> 212321201400104134311
Conversion result: 64139273322509
Enter number in base 5 to convert to base 11 (To go back type /back)
> /back
Enter two numbers in format: {source base} {target base} (To quit type /exit) 
> 5 14
Enter number in base 5 to convert to base 14 (To go back type /back)
> 302321104211242144343
Conversion result: 53280C9750931
Enter number in base 5 to convert to base 14 (To go back type /back)
> /back
Enter two numbers in format: {source base} {target base} (To quit type /exit) 
> 5 17
Enter number in base 5 to convert to base 17 (To go back type /back)
> 43110441041040241000
Conversion result: 29GE0E3348EF
Enter number in base 5 to convert to base 17 (To go back type /back)
> /back
Enter two numbers in format: {source base} {target base} (To quit type /exit) 
> 5 20
Enter number in base 5 to convert to base 20 (To go back type /back)
> 304134213003440243122
Conversion result: 19B4I92I5432
Enter number in base 5 to convert to base 20 (To go back type /back)
> /back
Enter two numbers in format: {source base} {target base} (To quit type /exit) 
> 5 23
Enter number in base 5 to convert to base 23 (To go back type /back)
> 30303114323323203000
Conversion result: 1A246L5JC4G
Enter number in base 5 to convert to base 23 (To go back type /back)
> /back
Enter two numbers in format: {source base} {target base} (To quit type /exit) 
> 5 26
Enter number in base 5 to convert to base 26 (To go back type /back)
> 243412221041212021212
Conversion result: 1PN5H7PN80N
Enter number in base 5 to convert to base 26 (To go back type /back)
> /back
Enter two numbers in format: {source base} {target base} (To quit type /exit) 
> 5 29
Enter number in base 5 to convert to base 29 (To go back type /back)
> 304140441213111412220
Conversion result: KP6J77LD7C
Enter number in base 5 to convert to base 29 (To go back type /back)
> /back
Enter two numbers in format: {source base} {target base} (To quit type /exit) 
> 5 32
Enter number in base 5 to convert to base 32 (To go back type /back)
> 332102441000111014443
Conversion result: 9VUSHQKL8R
Enter number in base 5 to convert to base 32 (To go back type /back)
> /back
Enter two numbers in format: {source base} {target base} (To quit type /exit) 
> 5 35
Enter number in base 5 to convert to base 35 (To go back type /back)
> 24422132433303322243
Conversion result: P8CALNMAN
Enter number in base 5 to convert to base 35 (To go back type /back)
> /back
Enter two numbers in format: {source base} {target base} (To quit type /exit) 
> 8 2
Enter number in base 8 to convert to base 2 (To go back type /back)
> 14372267300524145
Conversion result: 1100011111010010110111011000000101010100001100101
Enter number in base 8 to convert to base 2 (To go back type /back)
> /back
Enter two numbers in format: {source base} {target base} (To quit type /exit) 
> 8 5
Enter number in base 8 to convert to base 5 (To go back type /back)
> 2371307677361723
Conversion result: 42432202230422440102
Enter number in base 8 to convert to base 5 (To go back type /back)
> /back
Enter two numbers in format: {source base} {target base} (To quit type /exit) 
> 8 8
Enter number in base 8 to convert to base 8 (To go back type /back)
> 13167227474012231
Conversion result: 13167227474012231
Enter number in base 8 to convert to base 8 (To go back type /back)
> /back
Enter two numbers in format: {source base} {target base} (To quit type /exit) 
> 8 11
Enter number in base 8 to convert to base 11 (To go back type /back)
> 10402417012663456
Conversion result: 873904276A9063
Enter number in base 8 to convert to base 11 (To go back type /back)
> /back
Enter two numbers in format: {source base} {target base} (To quit type /exit) 
> 8 14
Enter number in base 8 to convert to base 14 (To go back type /back)
> 5703761510376117
Conversion result: 3917D2492782B
Enter number in base 8 to convert to base 14 (To go back type /back)
> /back
Enter two numbers in format: {source base} {target base} (To quit type /exit) 
> 8 17
Enter number in base 8 to convert to base 17 (To go back type /back)
> 12305275406772231
Conversion result: AB456CB3E616
Enter number in base 8 to convert to base 17 (To go back type /back)
> /back
Enter two numbers in format: {source base} {target base} (To quit type /exit) 
> 8 20
Enter number in base 8 to convert to base 20 (To go back type /back)
> 2075160446620311
Conversion result: 75D25J6JIBD
Enter number in base 8 to convert to base 20 (To go back type /back)
> /back
Enter two numbers in format: {source base} {target base} (To quit type /exit) 
> 8 23
Enter number in base 8 to convert to base 23 (To go back type /back)
> 7421136633154647
Conversion result: 693HA1AHJ25
Enter number in base 8 to convert to base 23 (To go back type /back)
> /back
Enter two numbers in format: {source base} {target base} (To quit type /exit) 
> 8 26
Enter number in base 8 to convert to base 26 (To go back type /back)
> 7616757067155467
Conversion result: 1OAHNPOA647
Enter number in base 8 to convert to base 26 (To go back type /back)
> /back
Enter two numbers in format: {source base} {target base} (To quit type /exit) 
> 8 29
Enter number in base 8 to convert to base 29 (To go back type /back)
> 2724166112310723
Conversion result: 71SK7GE0F3
Enter number in base 8 to convert to base 29 (To go back type /back)
> /back
Enter two numbers in format: {source base} {target base} (To quit type /exit) 
> 8 32
Enter number in base 8 to convert to base 32 (To go back type /back)
> 3124712052730727
Conversion result: 359P8ANCEN
Enter number in base 8 to convert to base 32 (To go back type /back)
> /back
Enter two numbers in format: {source base} {target base} (To quit type /exit) 
> 8 35
Enter number in base 8 to convert to base 35 (To go back type /back)
> 4024276777000024
Conversion result: 1S46IKX1SH
Enter number in base 8 to convert to base 35 (To go back type /back)
> /back
Enter two numbers in format: {source base} {target base} (To quit type /exit) 
> 11 2
Enter number in base 11 to convert to base 2 (To go back type /back)
> 339162a8aa9349
Conversion result: 11010010010000101011001001100010100100100110101
Enter number in base 11 to convert to base 2 (To go back type /back)
> /back
Enter two numbers in format: {source base} {target base} (To quit type /exit) 
> 11 5
Enter number in base 11 to convert to base 5 (To go back type /back)
> 1298510728a5207
Conversion result: 1000320400431012422332
Enter number in base 11 to convert to base 5 (To go back type /back)
> /back
Enter two numbers in format: {source base} {target base} (To quit type /exit) 
> 11 8
Enter number in base 11 to convert to base 8 (To go back type /back)
> 283a6502a11645
Conversion result: 2552434425013043
Enter number in base 11 to convert to base 8 (To go back type /back)
> /back
Enter two numbers in format: {source base} {target base} (To quit type /exit) 
> 11 11
Enter number in base 11 to convert to base 11 (To go back type /back)
> 3133621939841a
Conversion result: 3133621939841A
Enter number in base 11 to convert to base 11 (To go back type /back)
> /back
Enter two numbers in format: {source base} {target base} (To quit type /exit) 
> 11 14
Enter number in base 11 to convert to base 14 (To go back type /back)
> 5490a62228a800
Conversion result: 34518BBD1790A
Enter number in base 11 to convert to base 14 (To go back type /back)
> /back
Enter two numbers in format: {source base} {target base} (To quit type /exit) 
> 11 17
Enter number in base 11 to convert to base 17 (To go back type /back)
> 60197a80817a94
Conversion result: 6103D80F2G9B
Enter number in base 11 to convert to base 17 (To go back type /back)
> /back
Enter two numbers in format: {source base} {target base} (To quit type /exit) 
> 11 20
Enter number in base 11 to convert to base 20 (To go back type /back)
> 10010874aa527a2
Conversion result: 1H25I8H1H7IH
Enter number in base 11 to convert to base 20 (To go back type /back)
> /back
Enter two numbers in format: {source base} {target base} (To quit type /exit) 
> 11 23
Enter number in base 11 to convert to base 23 (To go back type /back)
> 596831296849a5
Conversion result: 4KDBA8E021A
Enter number in base 11 to convert to base 23 (To go back type /back)
> /back
Enter two numbers in format: {source base} {target base} (To quit type /exit) 
> 11 26
Enter number in base 11 to convert to base 26 (To go back type /back)
> a87a631aa58655
Conversion result: 2GG775DNP4G
Enter number in base 11 to convert to base 26 (To go back type /back)
> /back
Enter two numbers in format: {source base} {target base} (To quit type /exit) 
> 11 29
Enter number in base 11 to convert to base 29 (To go back type /back)
> 310531290a5a28
Conversion result: 7AGPBL6NA0
Enter number in base 11 to convert to base 29 (To go back type /back)
> /back
Enter two numbers in format: {source base} {target base} (To quit type /exit) 
> 11 32
Enter number in base 11 to convert to base 32 (To go back type /back)
> 484710320803a9
Conversion result: 4LK8EGG9MV
Enter number in base 11 to convert to base 32 (To go back type /back)
> /back
Enter two numbers in format: {source base} {target base} (To quit type /exit) 
> 11 35
Enter number in base 11 to convert to base 35 (To go back type /back)
> 966a9397702381
Conversion result: 477SE8PLNP
Enter number in base 11 to convert to base 35 (To go back type /back)
> /back
Enter two numbers in format: {source base} {target base} (To quit type /exit) 
> 14 2
Enter number in base 14 to convert to base 2 (To go back type /back)
> 85dd4b1039d42
Conversion result: 1101100101001011010100111010110111010010110010110
Enter number in base 14 to convert to base 2 (To go back type /back)
> /back
Enter two numbers in format: {source base} {target base} (To quit type /exit) 
> 14 5
Enter number in base 14 to convert to base 5 (To go back type /back)
> 6addb63175207
Conversion result: 400411001133412011044
Enter number in base 14 to convert to base 5 (To go back type /back)
> /back
Enter two numbers in format: {source base} {target base} (To quit type /exit) 
> 14 8
Enter number in base 14 to convert to base 8 (To go back type /back)
> 14d1d76b787bb
Conversion result: 2134020207732321
Enter number in base 14 to convert to base 8 (To go back type /back)
> /back
Enter two numbers in format: {source base} {target base} (To quit type /exit) 
> 14 11
Enter number in base 14 to convert to base 11 (To go back type /back)
> 6510a0ca887b7
Conversion result: A4A31600426470
Enter number in base 14 to convert to base 11 (To go back type /back)
> /back
Enter two numbers in format: {source base} {target base} (To quit type /exit) 
> 14 14
Enter number in base 14 to convert to base 14 (To go back type /back)
> 78225b0157cd0
Conversion result: 78225B0157CD0
Enter number in base 14 to convert to base 14 (To go back type /back)
> /back
Enter two numbers in format: {source base} {target base} (To quit type /exit) 
> 14 17
Enter number in base 14 to convert to base 17 (To go back type /back)
> 120c598385474
Conversion result: 1F4910BC3ADF
Enter number in base 14 to convert to base 17 (To go back type /back)
> /back
Enter two numbers in format: {source base} {target base} (To quit type /exit) 
> 14 20
Enter number in base 14 to convert to base 20 (To go back type /back)
> 657acd97b5559
Conversion result: 1F869B6B0C6J
Enter number in base 14 to convert to base 20 (To go back type /back)
> /back
Enter two numbers in format: {source base} {target base} (To quit type /exit) 
> 14 23
Enter number in base 14 to convert to base 23 (To go back type /back)
> 5331b02434197
Conversion result: 73EB0DMIMEB
Enter number in base 14 to convert to base 23 (To go back type /back)
> /back
Enter two numbers in format: {source base} {target base} (To quit type /exit) 
> 14 26
Enter number in base 14 to convert to base 26 (To go back type /back)
> 385176252991c
Conversion result: 1BEHE7LFG6I
Enter number in base 14 to convert to base 26 (To go back type /back)
> /back
Enter two numbers in format: {source base} {target base} (To quit type /exit) 
> 14 29
Enter number in base 14 to convert to base 29 (To go back type /back)
> 2db58a59b9b1d
Conversion result: BJE9223CQD
Enter number in base 14 to convert to base 29 (To go back type /back)
> /back
Enter two numbers in format: {source base} {target base} (To quit type /exit) 
> 14 32
Enter number in base 14 to convert to base 32 (To go back type /back)
> 8022536d39459
Conversion result: CT2B1AT2J7
Enter number in base 14 to convert to base 32 (To go back type /back)
> /back
Enter two numbers in format: {source base} {target base} (To quit type /exit) 
> 14 35
Enter number in base 14 to convert to base 35 (To go back type /back)
> 478544d3d84a6
Conversion result: 39CWW14LQK
Enter number in base 14 to convert to base 35 (To go back type /back)
> /back
Enter two numbers in format: {source base} {target base} (To quit type /exit) 
> 17 2
Enter number in base 17 to convert to base 2 (To go back type /back)
> c9dag4ggc63c
Conversion result: 1100010000000001111000111010011110011101001100001
Enter number in base 17 to convert to base 2 (To go back type /back)
> /back
Enter two numbers in format: {source base} {target base} (To quit type /exit) 
> 17 5
Enter number in base 17 to convert to base 5 (To go back type /back)
> 4bc82ece1cgc
Conversion result: 132032110300204020033
Enter number in base 17 to convert to base 5 (To go back type /back)
> /back
Enter two numbers in format: {source base} {target base} (To quit type /exit) 
> 17 8
Enter number in base 17 to convert to base 8 (To go back type /back)
> a1fc6bb80fgd
Conversion result: 11663544736152166
Enter number in base 17 to convert to base 8 (To go back type /back)
> /back
Enter two numbers in format: {source base} {target base} (To quit type /exit) 
> 17 11
Enter number in base 17 to convert to base 11 (To go back type /back)
> d89db1bg9139
Conversion result: 12451A045227492
Enter number in base 17 to convert to base 11 (To go back type /back)
> /back
Enter two numbers in format: {source base} {target base} (To quit type /exit) 
> 17 14
Enter number in base 17 to convert to base 14 (To go back type /back)
> 48a5346e7657
Conversion result: 2A1CB6D68C943
Enter number in base 17 to convert to base 14 (To go back type /back)
> /back
Enter two numbers in format: {source base} {target base} (To quit type /exit) 
> 17 17
Enter number in base 17 to convert to base 17 (To go back type /back)
> a2f94373b68c
Conversion result: A2F94373B68C
Enter number in base 17 to convert to base 17 (To go back type /back)
> /back
Enter two numbers in format: {source base} {target base} (To quit type /exit) 
> 17 20
Enter number in base 17 to convert to base 20 (To go back type /back)
> 8371g6d7bbad
Conversion result: 178J3B8H9J56
Enter number in base 17 to convert to base 20 (To go back type /back)
> /back
Enter two numbers in format: {source base} {target base} (To quit type /exit) 
> 17 23
Enter number in base 17 to convert to base 23 (To go back type /back)
> d32ff218adg9
Conversion result: AKKM94748AH
Enter number in base 17 to convert to base 23 (To go back type /back)
> /back
Enter two numbers in format: {source base} {target base} (To quit type /exit) 
> 17 26
Enter number in base 17 to convert to base 26 (To go back type /back)
> 6228a100222f
Conversion result: 1CHB2PMF03C
Enter number in base 17 to convert to base 26 (To go back type /back)
> /back
Enter two numbers in format: {source base} {target base} (To quit type /exit) 
> 17 29
Enter number in base 17 to convert to base 29 (To go back type /back)
> a6g34f972ae4
Conversion result: OH3D4RQP7Q
Enter number in base 17 to convert to base 29 (To go back type /back)
> /back
Enter two numbers in format: {source base} {target base} (To quit type /exit) 
> 17 32
Enter number in base 17 to convert to base 32 (To go back type /back)
> 819eaa176890
Conversion result: 7S881TJPJ3
Enter number in base 17 to convert to base 32 (To go back type /back)
> /back
Enter two numbers in format: {source base} {target base} (To quit type /exit) 
> 17 35
Enter number in base 17 to convert to base 35 (To go back type /back)
> dcc2dfg81c
Conversion result: PBV821T7
Enter number in base 17 to convert to base 35 (To go back type /back)
> /back
Enter two numbers in format: {source base} {target base} (To quit type /exit) 
> /exit
?[1;31m
Start test 5?[0m
Enter two numbers in format: {source base} {target base} (To quit type /exit) 
> 19 2
Enter number in base 19 to convert to base 2 (To go back type /back)
> 1e6gb157846d
Conversion result: 101110100000011111011101011100001010111011101110
Enter number in base 19 to convert to base 2 (To go back type /back)
> /back
Enter two numbers in format: {source base} {target base} (To quit type /exit) 
> 19 5
Enter number in base 19 to convert to base 5 (To go back type /back)
> 939a6hh61i8
Conversion result: 24340034410331341341
Enter number in base 19 to convert to base 5 (To go back type /back)
> /back
Enter two numbers in format: {source base} {target base} (To quit type /exit) 
> 19 8
Enter number in base 19 to convert to base 8 (To go back type /back)
> 406h396fc8hf
Conversion result: 15235027722321160
Enter number in base 19 to convert to base 8 (To go back type /back)
> /back
Enter two numbers in format: {source base} {target base} (To quit type /exit) 
> 19 11
Enter number in base 19 to convert to base 11 (To go back type /back)
> 1cg1h2aai31d
Conversion result: 57240671060190
Enter number in base 19 to convert to base 11 (To go back type /back)
> /back
Enter two numbers in format: {source base} {target base} (To quit type /exit) 
> 19 14
Enter number in base 19 to convert to base 14 (To go back type /back)
> 276ech125h4c
Conversion result: 4C954470D234B
Enter number in base 19 to convert to base 14 (To go back type /back)
> /back
Enter two numbers in format: {source base} {target base} (To quit type /exit) 
> 19 17
Enter number in base 19 to convert to base 17 (To go back type /back)
> 1dc85af7gca3
Conversion result: 5E54748353G4
Enter number in base 19 to convert to base 17 (To go back type /back)
> /back
Enter two numbers in format: {source base} {target base} (To quit type /exit) 
> 19 20
Enter number in base 19 to convert to base 20 (To go back type /back)
> 42g94g2ia3f4
Conversion result: 274884JD6351
Enter number in base 19 to convert to base 20 (To go back type /back)
> /back
Enter two numbers in format: {source base} {target base} (To quit type /exit) 
> 19 23
Enter number in base 19 to convert to base 23 (To go back type /back)
> fb4ege6b8hf
Conversion result: 271GJG159GL
Enter number in base 19 to convert to base 23 (To go back type /back)
> /back
Enter two numbers in format: {source base} {target base} (To quit type /exit) 
> 19 26
Enter number in base 19 to convert to base 26 (To go back type /back)
> edg6749b7c6
Conversion result: GGBI8O4LG9
Enter number in base 19 to convert to base 26 (To go back type /back)
> /back
Enter two numbers in format: {source base} {target base} (To quit type /exit) 
> 19 29
Enter number in base 19 to convert to base 29 (To go back type /back)
> 23c4f1b596d
Conversion result: QP11KEPLM
Enter number in base 19 to convert to base 29 (To go back type /back)
> /back
Enter two numbers in format: {source base} {target base} (To quit type /exit) 
> 19 32
Enter number in base 19 to convert to base 32 (To go back type /back)
> 3dfe1100e774
Conversion result: CAUE7MHNVN
Enter number in base 19 to convert to base 32 (To go back type /back)
> /back
Enter two numbers in format: {source base} {target base} (To quit type /exit) 
> 19 35
Enter number in base 19 to convert to base 35 (To go back type /back)
> ah5fibfi3id
Conversion result: TOPKCLSMA
Enter number in base 19 to convert to base 35 (To go back type /back)
> /back
Enter two numbers in format: {source base} {target base} (To quit type /exit) 
> 22 2
Enter number in base 22 to convert to base 2 (To go back type /back)
> 4764h5j93a3
Conversion result: 11010001001111011101011100011101111110000110011
Enter number in base 22 to convert to base 2 (To go back type /back)
> /back
Enter two numbers in format: {source base} {target base} (To quit type /exit) 
> 22 5
Enter number in base 22 to convert to base 5 (To go back type /back)
> 54j897gehb9
Conversion result: 121134313412002020113
Enter number in base 22 to convert to base 5 (To go back type /back)
> /back
Enter two numbers in format: {source base} {target base} (To quit type /exit) 
> 22 8
Enter number in base 22 to convert to base 8 (To go back type /back)
> 49ajkedh5k3
Conversion result: 3260640162017327
Enter number in base 22 to convert to base 8 (To go back type /back)
> /back
Enter two numbers in format: {source base} {target base} (To quit type /exit) 
> 22 11
Enter number in base 22 to convert to base 11 (To go back type /back)
> 90kk7gdkjf
Conversion result: 352A154621664
Enter number in base 22 to convert to base 11 (To go back type /back)
> /back
Enter two numbers in format: {source base} {target base} (To quit type /exit) 
> 22 14
Enter number in base 22 to convert to base 14 (To go back type /back)
> 8fa6iacdci3
Conversion result: 4111CD40C57DD
Enter number in base 22 to convert to base 14 (To go back type /back)
> /back
Enter two numbers in format: {source base} {target base} (To quit type /exit) 
> 22 17
Enter number in base 22 to convert to base 17 (To go back type /back)
> aad09bj4h0j
Conversion result: 8218BD5EFGDD
Enter number in base 22 to convert to base 17 (To go back type /back)
> /back
Enter two numbers in format: {source base} {target base} (To quit type /exit) 
> 22 20
Enter number in base 22 to convert to base 20 (To go back type /back)
> ci2ille8igc
Conversion result: 1D54J56ID150
Enter number in base 22 to convert to base 20 (To go back type /back)
> /back
Enter two numbers in format: {source base} {target base} (To quit type /exit) 
> 22 23
Enter number in base 22 to convert to base 23 (To go back type /back)
> fjb7gfcgd8e
Conversion result: A465MBLH0CG
Enter number in base 22 to convert to base 23 (To go back type /back)
> /back
Enter two numbers in format: {source base} {target base} (To quit type /exit) 
> 22 26
Enter number in base 22 to convert to base 26 (To go back type /back)
> 8bjkgja39eb
Conversion result: 1FK8AL3BOND
Enter number in base 22 to convert to base 26 (To go back type /back)
> /back
Enter two numbers in format: {source base} {target base} (To quit type /exit) 
> 22 29
Enter number in base 22 to convert to base 29 (To go back type /back)
> h53gjhf1k1h
Conversion result: 12G2333L5J0
Enter number in base 22 to convert to base 29 (To go back type /back)
> /back
Enter two numbers in format: {source base} {target base} (To quit type /exit) 
> 22 32
Enter number in base 22 to convert to base 32 (To go back type /back)
> 715ciehk4al
Conversion result: 5AF0NCEF9H
Enter number in base 22 to convert to base 32 (To go back type /back)
> /back
Enter two numbers in format: {source base} {target base} (To quit type /exit) 
> 22 35
Enter number in base 22 to convert to base 35 (To go back type /back)
> 2i0fb3be487
Conversion result: X8Y547OSG
Enter number in base 22 to convert to base 35 (To go back type /back)
> /back
Enter two numbers in format: {source base} {target base} (To quit type /exit) 
> 25 2
Enter number in base 25 to convert to base 2 (To go back type /back)
> kmdik4da49
Conversion result: 10010001000010010110101011001011011011101010101
Enter number in base 25 to convert to base 2 (To go back type /back)
> /back
Enter two numbers in format: {source base} {target base} (To quit type /exit) 
> 25 5
Enter number in base 25 to convert to base 5 (To go back type /back)
> 27e1788b3e1
Conversion result: 212240112131321032401
Enter number in base 25 to convert to base 5 (To go back type /back)
> /back
Enter two numbers in format: {source base} {target base} (To quit type /exit) 
> 25 8
Enter number in base 25 to convert to base 8 (To go back type /back)
> 1ij68lm4k51
Conversion result: 4575566776572775
Enter number in base 25 to convert to base 8 (To go back type /back)
> /back
Enter two numbers in format: {source base} {target base} (To quit type /exit) 
> 25 11
Enter number in base 25 to convert to base 11 (To go back type /back)
> 4ck53fd6cb1
Conversion result: 11513067A871015
Enter number in base 25 to convert to base 11 (To go back type /back)
> /back
Enter two numbers in format: {source base} {target base} (To quit type /exit) 
> 25 14
Enter number in base 25 to convert to base 14 (To go back type /back)
> 440j6me8l6a
Conversion result: 6DDD6580279C6
Enter number in base 25 to convert to base 14 (To go back type /back)
> /back
Enter two numbers in format: {source base} {target base} (To quit type /exit) 
> 25 17
Enter number in base 25 to convert to base 17 (To go back type /back)
> 2j31bf342gj
Conversion result: 7BD8A2343109
Enter number in base 25 to convert to base 17 (To go back type /back)
> /back
Enter two numbers in format: {source base} {target base} (To quit type /exit) 
> 25 20
Enter number in base 25 to convert to base 20 (To go back type /back)
> 2igiigm0792
Conversion result: 15BCCAD8BD7C
Enter number in base 25 to convert to base 20 (To go back type /back)
> /back
Enter two numbers in format: {source base} {target base} (To quit type /exit) 
> 25 23
Enter number in base 25 to convert to base 23 (To go back type /back)
> 4oba72dookb
Conversion result: BADCB2HE1KB
Enter number in base 25 to convert to base 23 (To go back type /back)
> /back
Enter two numbers in format: {source base} {target base} (To quit type /exit) 
> 25 26
Enter number in base 25 to convert to base 26 (To go back type /back)
> 1o2dd1ie68a
Conversion result: 18COJGC37HG
Enter number in base 25 to convert to base 26 (To go back type /back)
> /back
Enter two numbers in format: {source base} {target base} (To quit type /exit) 
> 25 29
Enter number in base 25 to convert to base 29 (To go back type /back)
> 31i0h8cchd6
Conversion result: K51AM9D0Q9
Enter number in base 25 to convert to base 29 (To go back type /back)
> /back
Enter two numbers in format: {source base} {target base} (To quit type /exit) 
> 25 32
Enter number in base 25 to convert to base 32 (To go back type /back)
> 2ok1lb2i8i3
Conversion result: 83GPHCE6M0
Enter number in base 25 to convert to base 32 (To go back type /back)
> /back
Enter two numbers in format: {source base} {target base} (To quit type /exit) 
> 25 35
Enter number in base 25 to convert to base 35 (To go back type /back)
> 1mn405l5il9
Conversion result: 2B6K12KUIT
Enter number in base 25 to convert to base 35 (To go back type /back)
> /back
Enter two numbers in format: {source base} {target base} (To quit type /exit) 
> 28 2
Enter number in base 28 to convert to base 2 (To go back type /back)
> nrpbaoh92q
Conversion result: 111001101101111110010101000000110110110110100010
Enter number in base 28 to convert to base 2 (To go back type /back)
> /back
Enter two numbers in format: {source base} {target base} (To quit type /exit) 
> 28 5
Enter number in base 28 to convert to base 5 (To go back type /back)
> 1540270qidp
Conversion result: 331423223020324403440
Enter number in base 28 to convert to base 5 (To go back type /back)
> /back
Enter two numbers in format: {source base} {target base} (To quit type /exit) 
> 28 8
Enter number in base 28 to convert to base 8 (To go back type /back)
> 1hl86h4p94i
Conversion result: 15604163350735722
Enter number in base 28 to convert to base 8 (To go back type /back)
> /back
Enter two numbers in format: {source base} {target base} (To quit type /exit) 
> 28 11
Enter number in base 28 to convert to base 11 (To go back type /back)
> gl5herk3j2
Conversion result: 51533760609269
Enter number in base 28 to convert to base 11 (To go back type /back)
> /back
Enter two numbers in format: {source base} {target base} (To quit type /exit) 
> 28 14
Enter number in base 28 to convert to base 14 (To go back type /back)
> 5a4b4qa60d
Conversion result: 1001A3141BA0D
Enter number in base 28 to convert to base 14 (To go back type /back)
> /back
Enter two numbers in format: {source base} {target base} (To quit type /exit) 
> 28 17
Enter number in base 28 to convert to base 17 (To go back type /back)
> m8beiegbr1
Conversion result: 6F04B99F2GA4
Enter number in base 28 to convert to base 17 (To go back type /back)
> /back
Enter two numbers in format: {source base} {target base} (To quit type /exit) 
> 28 20
Enter number in base 28 to convert to base 20 (To go back type /back)
> 9iingljf2g
Conversion result: 9JEB4F2F8FC
Enter number in base 28 to convert to base 20 (To go back type /back)
> /back
Enter two numbers in format: {source base} {target base} (To quit type /exit) 
> 28 23
Enter number in base 28 to convert to base 23 (To go back type /back)
> 1aim3d511fg
Conversion result: 9K2I4J62K9F
Enter number in base 28 to convert to base 23 (To go back type /back)
> /back
Enter two numbers in format: {source base} {target base} (To quit type /exit) 
> 28 26
Enter number in base 28 to convert to base 26 (To go back type /back)
> 5nl8krl72d
Conversion result: BA70LMFBFB
Enter number in base 28 to convert to base 26 (To go back type /back)
> /back
Enter two numbers in format: {source base} {target base} (To quit type /exit) 
> 28 29
Enter number in base 28 to convert to base 29 (To go back type /back)
> cpp77nelh4
Conversion result: 9C983ICB15
Enter number in base 28 to convert to base 29 (To go back type /back)
> /back
Enter two numbers in format: {source base} {target base} (To quit type /exit) 
> 28 32
Enter number in base 28 to convert to base 32 (To go back type /back)
> 2lg5m76ldk
Conversion result: QL0H5N8QG
Enter number in base 28 to convert to base 32 (To go back type /back)
> /back
Enter two numbers in format: {source base} {target base} (To quit type /exit) 
> 28 35
Enter number in base 28 to convert to base 35 (To go back type /back)
> n1kcial84p
Conversion result: 33BQ3D3FUI
Enter number in base 28 to convert to base 35 (To go back type /back)
> /back
Enter two numbers in format: {source base} {target base} (To quit type /exit) 
> 31 2
Enter number in base 31 to convert to base 2 (To go back type /back)
> efu9su6at5
Conversion result: 1010111010000110001000101111100110101110111111010
Enter number in base 31 to convert to base 2 (To go back type /back)
> /back
Enter two numbers in format: {source base} {target base} (To quit type /exit) 
> 31 5
Enter number in base 31 to convert to base 5 (To go back type /back)
> hp2fm8hjcj
Conversion result: 443204122132010033311
Enter number in base 31 to convert to base 5 (To go back type /back)
> /back
Enter two numbers in format: {source base} {target base} (To quit type /exit) 
> 31 8
Enter number in base 31 to convert to base 8 (To go back type /back)
> h62fu3rm18
Conversion result: 14730131710630611
Enter number in base 31 to convert to base 8 (To go back type /back)
> /back
Enter two numbers in format: {source base} {target base} (To quit type /exit) 
> 31 11
Enter number in base 31 to convert to base 11 (To go back type /back)
> e0jlkeu8n6
Conversion result: A812A63841A011
Enter number in base 31 to convert to base 11 (To go back type /back)
> /back
Enter two numbers in format: {source base} {target base} (To quit type /exit) 
> 31 14
Enter number in base 31 to convert to base 14 (To go back type /back)
> 18mpqkpq1p
Conversion result: 85249158B5B7
Enter number in base 31 to convert to base 14 (To go back type /back)
> /back
Enter two numbers in format: {source base} {target base} (To quit type /exit) 
> 31 17
Enter number in base 31 to convert to base 17 (To go back type /back)
> b77odl4e5j
Conversion result: 8B5AFGDCBCGC
Enter number in base 31 to convert to base 17 (To go back type /back)
> /back
Enter two numbers in format: {source base} {target base} (To quit type /exit) 
> 31 20
Enter number in base 31 to convert to base 20 (To go back type /back)
> 8foc09d585
Conversion result: 11J86CHC1EC9
Enter number in base 31 to convert to base 20 (To go back type /back)
> /back
Enter two numbers in format: {source base} {target base} (To quit type /exit) 
> 31 23
Enter number in base 31 to convert to base 23 (To go back type /back)
> 1k3jq4i80b
Conversion result: 114GEKK5DL1
Enter number in base 31 to convert to base 23 (To go back type /back)
> /back
Enter two numbers in format: {source base} {target base} (To quit type /exit) 
> 31 26
Enter number in base 31 to convert to base 26 (To go back type /back)
> 6u2ctkkcdb
Conversion result: 17OD3EO80AB
Enter number in base 31 to convert to base 26 (To go back type /back)
> /back
Enter two numbers in format: {source base} {target base} (To quit type /exit) 
> 31 29
Enter number in base 31 to convert to base 29 (To go back type /back)
> 8mf6e6mac4
Conversion result: FQ4RGO3P72
Enter number in base 31 to convert to base 29 (To go back type /back)
> /back
Enter two numbers in format: {source base} {target base} (To quit type /exit) 
> 31 32
Enter number in base 31 to convert to base 32 (To go back type /back)
> 1mqij658jl
Conversion result: 19OSBVPES5
Enter number in base 31 to convert to base 32 (To go back type /back)
> /back
Enter two numbers in format: {source base} {target base} (To quit type /exit) 
> 31 35
Enter number in base 31 to convert to base 35 (To go back type /back)
> foo36mk2h7
Conversion result: 5AHJNGKFHU
Enter number in base 31 to convert to base 35 (To go back type /back)
> /back
Enter two numbers in format: {source base} {target base} (To quit type /exit) 
> 34 2
Enter number in base 34 to convert to base 2 (To go back type /back)
> 3x1mts0bm5
Conversion result: 110110110101011111000110101000111110000011111101
Enter number in base 34 to convert to base 2 (To go back type /back)
> /back
Enter two numbers in format: {source base} {target base} (To quit type /exit) 
> 34 5
Enter number in base 34 to convert to base 5 (To go back type /back)
> 1fri87dlno
Conversion result: 43124330013140201213
Enter number in base 34 to convert to base 5 (To go back type /back)
> /back
Enter two numbers in format: {source base} {target base} (To quit type /exit) 
> 34 8
Enter number in base 34 to convert to base 8 (To go back type /back)
> 4vun69p6uq
Conversion result: 10413167276111206
Enter number in base 34 to convert to base 8 (To go back type /back)
> /back
Enter two numbers in format: {source base} {target base} (To quit type /exit) 
> 34 11
Enter number in base 34 to convert to base 11 (To go back type /back)
> 6a4oikmn7v
Conversion result: 100935313809270
Enter number in base 34 to convert to base 11 (To go back type /back)
> /back
Enter two numbers in format: {source base} {target base} (To quit type /exit) 
> 34 14
Enter number in base 34 to convert to base 14 (To go back type /back)
> 1t0c3qp8up
Conversion result: 1DB026AA4C1AD
Enter number in base 34 to convert to base 14 (To go back type /back)
> /back
Enter two numbers in format: {source base} {target base} (To quit type /exit) 
> 34 17
Enter number in base 34 to convert to base 17 (To go back type /back)
> 20cm8moidv
Conversion result: 399A4D5695AE
Enter number in base 34 to convert to base 17 (To go back type /back)
> /back
Enter two numbers in format: {source base} {target base} (To quit type /exit) 
> 34 20
Enter number in base 34 to convert to base 20 (To go back type /back)
> 3lv4xto03b
Conversion result: 11C41E52F141
Enter number in base 34 to convert to base 20 (To go back type /back)
> /back
Enter two numbers in format: {source base} {target base} (To quit type /exit) 
> 34 23
Enter number in base 34 to convert to base 23 (To go back type /back)
> 1xfml1divb
Conversion result: 2KK89I53M5L
Enter number in base 34 to convert to base 23 (To go back type /back)
> /back
Enter two numbers in format: {source base} {target base} (To quit type /exit) 
> 34 26
Enter number in base 34 to convert to base 26 (To go back type /back)
> 29nlac14do
Conversion result: PEAI2CJJA2
Enter number in base 34 to convert to base 26 (To go back type /back)
> /back
Enter two numbers in format: {source base} {target base} (To quit type /exit) 
> 34 29
Enter number in base 34 to convert to base 29 (To go back type /back)
> 2qgwj9cbxr
Conversion result: BI9SHN53BO
Enter number in base 34 to convert to base 29 (To go back type /back)
> /back
Enter two numbers in format: {source base} {target base} (To quit type /exit) 
> 34 32
Enter number in base 34 to convert to base 32 (To go back type /back)
> 2mvcgxis07
Conversion result: 4JLHSQH9KN
Enter number in base 34 to convert to base 32 (To go back type /back)
> /back
Enter two numbers in format: {source base} {target base} (To quit type /exit) 
> 34 35
Enter number in base 34 to convert to base 35 (To go back type /back)
> 385fm5gfcq
Conversion result: 2HCL5J0DSB
Enter number in base 34 to convert to base 35 (To go back type /back)
> /back
Enter two numbers in format: {source base} {target base} (To quit type /exit) 
> /exit
?[1;31m
Start test 6?[0m
Enter two numbers in format: {source base} {target base} (To quit type /exit) 
> 2 5
Enter number in base 2 to convert to base 5 (To go back type /back)
> 1011011000.01000
Conversion result: 10403.11111
Enter number in base 2 to convert to base 5 (To go back type /back)
> /back
Enter two numbers in format: {source base} {target base} (To quit type /exit) 
> 2 8
Enter number in base 2 to convert to base 8 (To go back type /back)
> 111111111.11000
Conversion result: 777.60000
Enter number in base 2 to convert to base 8 (To go back type /back)
> /back
Enter two numbers in format: {source base} {target base} (To quit type /exit) 
> 2 11
Enter number in base 2 to convert to base 11 (To go back type /back)
> 1110011011.01000
Conversion result: 76A.28282
Enter number in base 2 to convert to base 11 (To go back type /back)
> /back
Enter two numbers in format: {source base} {target base} (To quit type /exit) 
> 2 14
Enter number in base 2 to convert to base 14 (To go back type /back)
> 10010100.11000
Conversion result: A8.A7000
Enter number in base 2 to convert to base 14 (To go back type /back)
> /back
Enter two numbers in format: {source base} {target base} (To quit type /exit) 
> 2 17
Enter number in base 2 to convert to base 17 (To go back type /back)
> 11011011.01000
Conversion result: CF.44444
Enter number in base 2 to convert to base 17 (To go back type /back)
> /back
Enter two numbers in format: {source base} {target base} (To quit type /exit) 
> 2 20
Enter number in base 2 to convert to base 20 (To go back type /back)
> 100000111.10000
Conversion result: D3.A0000
Enter number in base 2 to convert to base 20 (To go back type /back)
> /back
Enter two numbers in format: {source base} {target base} (To quit type /exit) 
> 2 23
Enter number in base 2 to convert to base 23 (To go back type /back)
> 1001101001.00000
Conversion result: 13J.00000
Enter number in base 2 to convert to base 23 (To go back type /back)
> /back
Enter two numbers in format: {source base} {target base} (To quit type /exit) 
> 2 26
Enter number in base 2 to convert to base 26 (To go back type /back)
> 11000111.01000
Conversion result: 7H.6D000
Enter number in base 2 to convert to base 26 (To go back type /back)
> /back
Enter two numbers in format: {source base} {target base} (To quit type /exit) 
> 2 29
Enter number in base 2 to convert to base 29 (To go back type /back)
> 111100011.10000
Conversion result: GJ.EEEEE
Enter number in base 2 to convert to base 29 (To go back type /back)
> /back
Enter two numbers in format: {source base} {target base} (To quit type /exit) 
> 2 32
Enter number in base 2 to convert to base 32 (To go back type /back)
> 1100100011.00000
Conversion result: P3.00000
Enter number in base 2 to convert to base 32 (To go back type /back)
> /back
Enter two numbers in format: {source base} {target base} (To quit type /exit) 
> 2 35
Enter number in base 2 to convert to base 35 (To go back type /back)
> 10000010.00000
Conversion result: 3P.00000
Enter number in base 2 to convert to base 35 (To go back type /back)
> /back
Enter two numbers in format: {source base} {target base} (To quit type /exit) 
> 5 2
Enter number in base 5 to convert to base 2 (To go back type /back)
> 1042.00244
Conversion result: 10010011.00000
Enter number in base 5 to convert to base 2 (To go back type /back)
> /back
Enter two numbers in format: {source base} {target base} (To quit type /exit) 
> 5 8
Enter number in base 5 to convert to base 8 (To go back type /back)
> 2442.43144
Conversion result: 564.73704
Enter number in base 5 to convert to base 8 (To go back type /back)
> /back
Enter two numbers in format: {source base} {target base} (To quit type /exit) 
> 5 11
Enter number in base 5 to convert to base 11 (To go back type /back)
> 11224.41021
Conversion result: 680.9307A
Enter number in base 5 to convert to base 11 (To go back type /back)
> /back
Enter two numbers in format: {source base} {target base} (To quit type /exit) 
> 5 14
Enter number in base 5 to convert to base 14 (To go back type /back)
> 10332.00440
Conversion result: 393.07752
Enter number in base 5 to convert to base 14 (To go back type /back)
> /back
Enter two numbers in format: {source base} {target base} (To quit type /exit) 
> 5 17
Enter number in base 5 to convert to base 17 (To go back type /back)
> 4302.40233
Conversion result: 1GG.DG853
Enter number in base 5 to convert to base 17 (To go back type /back)
> /back
Enter two numbers in format: {source base} {target base} (To quit type /exit) 
> 5 20
Enter number in base 5 to convert to base 20 (To go back type /back)
> 342.33144
Conversion result: 4H.EE58G
Enter number in base 5 to convert to base 20 (To go back type /back)
> /back
Enter two numbers in format: {source base} {target base} (To quit type /exit) 
> 5 23
Enter number in base 5 to convert to base 23 (To go back type /back)
> 2334.02142
Conversion result: EM.24682
Enter number in base 5 to convert to base 23 (To go back type /back)
> /back
Enter two numbers in format: {source base} {target base} (To quit type /exit) 
> 5 26
Enter number in base 5 to convert to base 26 (To go back type /back)
> 2033.03210
Conversion result: A8.3F0BN
Enter number in base 5 to convert to base 26 (To go back type /back)
> /back
Enter two numbers in format: {source base} {target base} (To quit type /exit) 
> 5 29
Enter number in base 5 to convert to base 29 (To go back type /back)
> 4333.33112
Conversion result: KD.L53NP
Enter number in base 5 to convert to base 29 (To go back type /back)
> /back
Enter two numbers in format: {source base} {target base} (To quit type /exit) 
> 5 32
Enter number in base 5 to convert to base 32 (To go back type /back)
> 12343.43241
Conversion result: UD.U5B1I
Enter number in base 5 to convert to base 32 (To go back type /back)
> /back
Enter two numbers in format: {source base} {target base} (To quit type /exit) 
> 5 35
Enter number in base 5 to convert to base 35 (To go back type /back)
> 12112.13033
Conversion result: PW.BE1XL
Enter number in base 5 to convert to base 35 (To go back type /back)
> /back
Enter two numbers in format: {source base} {target base} (To quit type /exit) 
> 8 2
Enter number in base 8 to convert to base 2 (To go back type /back)
> 1532.06435071
Conversion result: 1101011010.00011
Enter number in base 8 to convert to base 2 (To go back type /back)
> /back
Enter two numbers in format: {source base} {target base} (To quit type /exit) 
> 8 5
Enter number in base 8 to convert to base 5 (To go back type /back)
> 362.71625172
Conversion result: 1432.42241
Enter number in base 8 to convert to base 5 (To go back type /back)
> /back
Enter two numbers in format: {source base} {target base} (To quit type /exit) 
> 8 11
Enter number in base 8 to convert to base 11 (To go back type /back)
> 126.33554551
Conversion result: 79.48436
Enter number in base 8 to convert to base 11 (To go back type /back)
> /back
Enter two numbers in format: {source base} {target base} (To quit type /exit) 
> 8 14
Enter number in base 8 to convert to base 14 (To go back type /back)
> 1644.06667516
Conversion result: 4A8.1700D
Enter number in base 8 to convert to base 14 (To go back type /back)
> /back
Enter two numbers in format: {source base} {target base} (To quit type /exit) 
> 8 17
Enter number in base 8 to convert to base 17 (To go back type /back)
> 223.17103220
Conversion result: 8B.4059C
Enter number in base 8 to convert to base 17 (To go back type /back)
> /back
Enter two numbers in format: {source base} {target base} (To quit type /exit) 
> 8 20
Enter number in base 8 to convert to base 20 (To go back type /back)
> 444.11310520
Conversion result: EC.2IDJF
Enter number in base 8 to convert to base 20 (To go back type /back)
> /back
Enter two numbers in format: {source base} {target base} (To quit type /exit) 
> 8 23
Enter number in base 8 to convert to base 23 (To go back type /back)
> 1514.74531517
Conversion result: 1DG.LIBKJ
Enter number in base 8 to convert to base 23 (To go back type /back)
> /back
Enter two numbers in format: {source base} {target base} (To quit type /exit) 
> 8 26
Enter number in base 8 to convert to base 26 (To go back type /back)
> 1031.27636205
Conversion result: KH.9HCEO
Enter number in base 8 to convert to base 26 (To go back type /back)
> /back
Enter two numbers in format: {source base} {target base} (To quit type /exit) 
> 8 29
Enter number in base 8 to convert to base 29 (To go back type /back)
> 474.35406054
Conversion result: AQ.DAN9K
Enter number in base 8 to convert to base 29 (To go back type /back)
> /back
Enter two numbers in format: {source base} {target base} (To quit type /exit) 
> 8 32
Enter number in base 8 to convert to base 32 (To go back type /back)
> 361.60445555
Conversion result: 7H.O95MP
Enter number in base 8 to convert to base 32 (To go back type /back)
> /back
Enter two numbers in format: {source base} {target base} (To quit type /exit) 
> 8 35
Enter number in base 8 to convert to base 35 (To go back type /back)
> 1275.61366706
Conversion result: K1.R247A
Enter number in base 8 to convert to base 35 (To go back type /back)
> /back
Enter two numbers in format: {source base} {target base} (To quit type /exit) 
> 11 2
Enter number in base 11 to convert to base 2 (To go back type /back)
> 23a.42106408260
Conversion result: 100011101.01100
Enter number in base 11 to convert to base 2 (To go back type /back)
> /back
Enter two numbers in format: {source base} {target base} (To quit type /exit) 
> 11 5
Enter number in base 11 to convert to base 5 (To go back type /back)
> 502.87305898188
Conversion result: 4412.34320
Enter number in base 11 to convert to base 5 (To go back type /back)
> /back
Enter two numbers in format: {source base} {target base} (To quit type /exit) 
> 11 8
Enter number in base 11 to convert to base 8 (To go back type /back)
> 4a3.31167478921
Conversion result: 1125.22037
Enter number in base 11 to convert to base 8 (To go back type /back)
> /back
Enter two numbers in format: {source base} {target base} (To quit type /exit) 
> 11 14
Enter number in base 11 to convert to base 14 (To go back type /back)
> 2a7.a0694294235
Conversion result: 1B9.CB296
Enter number in base 11 to convert to base 14 (To go back type /back)
> /back
Enter two numbers in format: {source base} {target base} (To quit type /exit) 
> 11 17
Enter number in base 11 to convert to base 17 (To go back type /back)
> 3a2.95960534381
Conversion result: 1AG.EC7GE
Enter number in base 11 to convert to base 17 (To go back type /back)
> /back
Enter two numbers in format: {source base} {target base} (To quit type /exit) 
> 11 20
Enter number in base 11 to convert to base 20 (To go back type /back)
> 460.70473765a47
Conversion result: 17A.CFIJ3
Enter number in base 11 to convert to base 20 (To go back type /back)
> /back
Enter two numbers in format: {source base} {target base} (To quit type /exit) 
> 11 23
Enter number in base 11 to convert to base 23 (To go back type /back)
> 777.88001a39591
Conversion result: 1HB.I5G6M
Enter number in base 11 to convert to base 23 (To go back type /back)
> /back
Enter two numbers in format: {source base} {target base} (To quit type /exit) 
> 11 26
Enter number in base 11 to convert to base 26 (To go back type /back)
> 7a0.528a0452a45
Conversion result: 1AL.CAP7G
Enter number in base 11 to convert to base 26 (To go back type /back)
> /back
Enter two numbers in format: {source base} {target base} (To quit type /exit) 
> 11 29
Enter number in base 11 to convert to base 29 (To go back type /back)
> 390.068254433a2
Conversion result: FR.1HQ36
Enter number in base 11 to convert to base 29 (To go back type /back)
> /back
Enter two numbers in format: {source base} {target base} (To quit type /exit) 
> 11 32
Enter number in base 11 to convert to base 32 (To go back type /back)
> 69a.17004833258
Conversion result: Q3.4OBHE
Enter number in base 11 to convert to base 32 (To go back type /back)
> /back
Enter two numbers in format: {source base} {target base} (To quit type /exit) 
> 11 35
Enter number in base 11 to convert to base 35 (To go back type /back)
> 746.4791a334778
Conversion result: PM.EYQUA
Enter number in base 11 to convert to base 35 (To go back type /back)
> /back
Enter two numbers in format: {source base} {target base} (To quit type /exit) 
> 14 2
Enter number in base 14 to convert to base 2 (To go back type /back)
> 134.8d370dd3d80082
Conversion result: 11110010.10100
Enter number in base 14 to convert to base 2 (To go back type /back)
> /back
Enter two numbers in format: {source base} {target base} (To quit type /exit) 
> 14 5
Enter number in base 14 to convert to base 5 (To go back type /back)
> 167.ab15d3393b0282
Conversion result: 2122.34114
Enter number in base 14 to convert to base 5 (To go back type /back)
> /back
Enter two numbers in format: {source base} {target base} (To quit type /exit) 
> 14 8
Enter number in base 14 to convert to base 8 (To go back type /back)
> 3b.a4d83296cdb84d
Conversion result: 65.57254
Enter number in base 14 to convert to base 8 (To go back type /back)
> /back
Enter two numbers in format: {source base} {target base} (To quit type /exit) 
> 14 11
Enter number in base 14 to convert to base 11 (To go back type /back)
> 1c0.995a43cd729905
Conversion result: 301.7665A
Enter number in base 14 to convert to base 11 (To go back type /back)
> /back
Enter two numbers in format: {source base} {target base} (To quit type /exit) 
> 14 17
Enter number in base 14 to convert to base 17 (To go back type /back)
> 4b.7bc83ba11d6467
Conversion result: 3G.990D2
Enter number in base 14 to convert to base 17 (To go back type /back)
> /back
Enter two numbers in format: {source base} {target base} (To quit type /exit) 
> 14 20
Enter number in base 14 to convert to base 20 (To go back type /back)
> 453.c14a57c3836da0
Conversion result: 22H.H5BFE
Enter number in base 14 to convert to base 20 (To go back type /back)
> /back
Enter two numbers in format: {source base} {target base} (To quit type /exit) 
> 14 23
Enter number in base 14 to convert to base 23 (To go back type /back)
> 216.07834b7d4c5b0a
Conversion result: HL.0KB1C
Enter number in base 14 to convert to base 23 (To go back type /back)
> /back
Enter two numbers in format: {source base} {target base} (To quit type /exit) 
> 14 26
Enter number in base 14 to convert to base 26 (To go back type /back)
> 13d.225169d867d18c
Conversion result: 9H.40INF
Enter number in base 14 to convert to base 26 (To go back type /back)
> /back
Enter two numbers in format: {source base} {target base} (To quit type /exit) 
> 14 29
Enter number in base 14 to convert to base 29 (To go back type /back)
> 9.da5727c2d29b94
Conversion result: 9.SDF7K
Enter number in base 14 to convert to base 29 (To go back type /back)
> /back
Enter two numbers in format: {source base} {target base} (To quit type /exit) 
> 14 32
Enter number in base 14 to convert to base 32 (To go back type /back)
> 135.7599c22b3b9476
Conversion result: 7J.GTNPU
Enter number in base 14 to convert to base 32 (To go back type /back)
> /back
Enter two numbers in format: {source base} {target base} (To quit type /exit) 
> 14 35
Enter number in base 14 to convert to base 35 (To go back type /back)
> 3c4.9004488c460845
Conversion result: LP.MHMBM
Enter number in base 14 to convert to base 35 (To go back type /back)
> /back
Enter two numbers in format: {source base} {target base} (To quit type /exit) 
> 17 2
Enter number in base 17 to convert to base 2 (To go back type /back)
> 138.62bg6029a4f2c32a0
Conversion result: 101011100.01011
Enter number in base 17 to convert to base 2 (To go back type /back)
> /back
Enter two numbers in format: {source base} {target base} (To quit type /exit) 
> 17 5
Enter number in base 17 to convert to base 5 (To go back type /back)
> 27c.c4gggg82750f6g295
Conversion result: 10314.33014
Enter number in base 17 to convert to base 5 (To go back type /back)
> /back
Enter two numbers in format: {source base} {target base} (To quit type /exit) 
> 17 8
Enter number in base 17 to convert to base 8 (To go back type /back)
> 247.c32ga39afdc436gb1
Conversion result: 1215.55702
Enter number in base 17 to convert to base 8 (To go back type /back)
> /back
Enter two numbers in format: {source base} {target base} (To quit type /exit) 
> 17 11
Enter number in base 17 to convert to base 11 (To go back type /back)
> 328.682792ebd58807a62
Conversion result: 757.4212A
Enter number in base 17 to convert to base 11 (To go back type /back)
> /back
Enter two numbers in format: {source base} {target base} (To quit type /exit) 
> 17 14
Enter number in base 17 to convert to base 14 (To go back type /back)
> 1fa.267daa3ad8c086e3g
Conversion result: 2B8.1D621
Enter number in base 17 to convert to base 14 (To go back type /back)
> /back
Enter two numbers in format: {source base} {target base} (To quit type /exit) 
> 17 20
Enter number in base 17 to convert to base 20 (To go back type /back)
> g6.0d4gb36b1g0757124
Conversion result: DI.0I7J8
Enter number in base 17 to convert to base 20 (To go back type /back)
> /back
Enter two numbers in format: {source base} {target base} (To quit type /exit) 
> 17 23
Enter number in base 17 to convert to base 23 (To go back type /back)
> 10a.db8981ef458e1f88b
Conversion result: D0.IBDAK
Enter number in base 17 to convert to base 23 (To go back type /back)
> /back
Enter two numbers in format: {source base} {target base} (To quit type /exit) 
> 17 26
Enter number in base 17 to convert to base 26 (To go back type /back)
> 258.1c0gccc1d2596502b
Conversion result: PL.2FP59
Enter number in base 17 to convert to base 26 (To go back type /back)
> /back
Enter two numbers in format: {source base} {target base} (To quit type /exit) 
> 17 29
Enter number in base 17 to convert to base 29 (To go back type /back)
> b6.ece2b285c6de65140
Conversion result: 6J.P4R0K
Enter number in base 17 to convert to base 29 (To go back type /back)
> /back
Enter two numbers in format: {source base} {target base} (To quit type /exit) 
> 17 32
Enter number in base 17 to convert to base 32 (To go back type /back)
> 200.e0g788ag72a1eg758
Conversion result: I2.QEN26
Enter number in base 17 to convert to base 32 (To go back type /back)
> /back
Enter two numbers in format: {source base} {target base} (To quit type /exit) 
> 17 35
Enter number in base 17 to convert to base 35 (To go back type /back)
> 81.ae80gg4626b1g7d8b
Conversion result: 3W.MBWVN
Enter number in base 17 to convert to base 35 (To go back type /back)
> /back
Enter two numbers in format: {source base} {target base} (To quit type /exit) 
> /exit
?[1;31m
Start test 7?[0m
Enter two numbers in format: {source base} {target base} (To quit type /exit) 
> 19 2
Enter number in base 19 to convert to base 2 (To go back type /back)
> 3g.910b1fhi554ab5a137a
Conversion result: 1001001.01111
Enter number in base 19 to convert to base 2 (To go back type /back)
> /back
Enter two numbers in format: {source base} {target base} (To quit type /exit) 
> 19 5
Enter number in base 19 to convert to base 5 (To go back type /back)
> 179.gee6cc14a5ch26287h3
Conversion result: 4003.42014
Enter number in base 19 to convert to base 5 (To go back type /back)
> /back
Enter two numbers in format: {source base} {target base} (To quit type /exit) 
> 19 8
Enter number in base 19 to convert to base 8 (To go back type /back)
> 178.8ge73edb043aiee6f91
Conversion result: 766.35726
Enter number in base 19 to convert to base 8 (To go back type /back)
> /back
Enter two numbers in format: {source base} {target base} (To quit type /exit) 
> 19 11
Enter number in base 19 to convert to base 11 (To go back type /back)
> 24a.36d87f20f83g2bcgeg1
Conversion result: 675.1A398
Enter number in base 19 to convert to base 11 (To go back type /back)
> /back
Enter two numbers in format: {source base} {target base} (To quit type /exit) 
> 19 14
Enter number in base 19 to convert to base 14 (To go back type /back)
> 1c1.2db2f776d7f8a14deba
Conversion result: 302.20018
Enter number in base 19 to convert to base 14 (To go back type /back)
> /back
Enter two numbers in format: {source base} {target base} (To quit type /exit) 
> 19 17
Enter number in base 19 to convert to base 17 (To go back type /back)
> 160.b849f42515aech25163
Conversion result: 1AG.A3F82
Enter number in base 19 to convert to base 17 (To go back type /back)
> /back
Enter two numbers in format: {source base} {target base} (To quit type /exit) 
> 19 20
Enter number in base 19 to convert to base 20 (To go back type /back)
> 16b.b6f05i6b2i101h9a5eb
Conversion result: 146.BJ212
Enter number in base 19 to convert to base 20 (To go back type /back)
> /back
Enter two numbers in format: {source base} {target base} (To quit type /exit) 
> 19 23
Enter number in base 19 to convert to base 23 (To go back type /back)
> 1ac.e26ea978b71127a127a
Conversion result: 11B.H25D0
Enter number in base 19 to convert to base 23 (To go back type /back)
> /back
Enter two numbers in format: {source base} {target base} (To quit type /exit) 
> 19 26
Enter number in base 19 to convert to base 26 (To go back type /back)
> 170.2ha278da16ddc315639
Conversion result: J0.3PPJ0
Enter number in base 19 to convert to base 26 (To go back type /back)
> /back
Enter two numbers in format: {source base} {target base} (To quit type /exit) 
> 19 29
Enter number in base 19 to convert to base 29 (To go back type /back)
> 28f.8b5abbehb782a36eh87
Conversion result: 11J.D3BS5
Enter number in base 19 to convert to base 29 (To go back type /back)
> /back
Enter two numbers in format: {source base} {target base} (To quit type /exit) 
> 19 32
Enter number in base 19 to convert to base 32 (To go back type /back)
> 172.284h1g8144bh6ch174e
Conversion result: FG.436QK
Enter number in base 19 to convert to base 32 (To go back type /back)
> /back
Enter two numbers in format: {source base} {target base} (To quit type /exit) 
> 19 35
Enter number in base 19 to convert to base 35 (To go back type /back)
> h2.88h89g6e0i2icbh01ef
Conversion result: 9A.FL1TB
Enter number in base 19 to convert to base 35 (To go back type /back)
> /back
Enter two numbers in format: {source base} {target base} (To quit type /exit) 
> 22 2
Enter number in base 22 to convert to base 2 (To go back type /back)
> 6i.715bl53l347723ceahc13i
Conversion result: 10010110.01010
Enter number in base 22 to convert to base 2 (To go back type /back)
> /back
Enter two numbers in format: {source base} {target base} (To quit type /exit) 
> 22 5
Enter number in base 22 to convert to base 5 (To go back type /back)
> 1df.4iih7kl4i626cfa5bk4gfc
Conversion result: 11120.10224
Enter number in base 22 to convert to base 5 (To go back type /back)
> /back
Enter two numbers in format: {source base} {target base} (To quit type /exit) 
> 22 8
Enter number in base 22 to convert to base 8 (To go back type /back)
> b5.j8cide78accde3683j2jlh
Conversion result: 367.70320
Enter number in base 22 to convert to base 8 (To go back type /back)
> /back
Enter two numbers in format: {source base} {target base} (To quit type /exit) 
> 22 11
Enter number in base 22 to convert to base 11 (To go back type /back)
> 1ic.gfj57da80hgfl18a4ljccg
Conversion result: 741.83A72
Enter number in base 22 to convert to base 11 (To go back type /back)
> /back
Enter two numbers in format: {source base} {target base} (To quit type /exit) 
> 22 14
Enter number in base 22 to convert to base 14 (To go back type /back)
> 61.iga8d7g0khddj6fgh32bi3
Conversion result: 97.BD069
Enter number in base 22 to convert to base 14 (To go back type /back)
> /back
Enter two numbers in format: {source base} {target base} (To quit type /exit) 
> 22 17
Enter number in base 22 to convert to base 17 (To go back type /back)
> 97.djb17fejbj8d97g85giafl
Conversion result: C1.AC71D
Enter number in base 22 to convert to base 17 (To go back type /back)
> /back
Enter two numbers in format: {source base} {target base} (To quit type /exit) 
> 22 20
Enter number in base 22 to convert to base 20 (To go back type /back)
> je.a691371h99jjjf43h2hk24
Conversion result: 11C.9726F
Enter number in base 22 to convert to base 20 (To go back type /back)
> /back
Enter two numbers in format: {source base} {target base} (To quit type /exit) 
> 22 23
Enter number in base 22 to convert to base 23 (To go back type /back)
> 1df.k64fcg9d3ef8ggcb544dh4
Conversion result: 1B3.L4G2H
Enter number in base 22 to convert to base 23 (To go back type /back)
> /back
Enter two numbers in format: {source base} {target base} (To quit type /exit) 
> 22 26
Enter number in base 22 to convert to base 26 (To go back type /back)
> 11e.4bkleb2776kf83c111aibc
Conversion result: K0.59FIO
Enter number in base 22 to convert to base 26 (To go back type /back)
> /back
Enter two numbers in format: {source base} {target base} (To quit type /exit) 
> 22 29
Enter number in base 22 to convert to base 29 (To go back type /back)
> 1ig.ldd934218k6h859a695k48
Conversion result: 11Q.SEC65
Enter number in base 22 to convert to base 29 (To go back type /back)
> /back
Enter two numbers in format: {source base} {target base} (To quit type /exit) 
> 22 32
Enter number in base 22 to convert to base 32 (To go back type /back)
> 2.10e3kkj73e3a6eh5f91g36
Conversion result: 2.1FT2S
Enter number in base 22 to convert to base 32 (To go back type /back)
> /back
Enter two numbers in format: {source base} {target base} (To quit type /exit) 
> 22 35
Enter number in base 22 to convert to base 35 (To go back type /back)
> 1l0.524g6jgfb88cj5aadlafdh
Conversion result: R1.840KA
Enter number in base 22 to convert to base 35 (To go back type /back)
> /back
Enter two numbers in format: {source base} {target base} (To quit type /exit) 
> 25 2
Enter number in base 25 to convert to base 2 (To go back type /back)
> 4g.l2f5abeibl3c8ojeaca7ek73n
Conversion result: 1110100.11011
Enter number in base 25 to convert to base 2 (To go back type /back)
> /back
Enter two numbers in format: {source base} {target base} (To quit type /exit) 
> 25 5
Enter number in base 25 to convert to base 5 (To go back type /back)
> 3o.glo5f67lh5d55237gmm09n6bo
Conversion result: 344.31414
Enter number in base 25 to convert to base 5 (To go back type /back)
> /back
Enter two numbers in format: {source base} {target base} (To quit type /exit) 
> 25 8
Enter number in base 25 to convert to base 8 (To go back type /back)
> 1d2.ga4bihi46i9ckokl0cll8c3bj
Conversion result: 1670.52001
Enter number in base 25 to convert to base 8 (To go back type /back)
> /back
Enter two numbers in format: {source base} {target base} (To quit type /exit) 
> 25 11
Enter number in base 25 to convert to base 11 (To go back type /back)
> i1.n2569046olfnibim34i1o1j27
Conversion result: 380.A1825
Enter number in base 25 to convert to base 11 (To go back type /back)
> /back
Enter two numbers in format: {source base} {target base} (To quit type /exit) 
> 25 14
Enter number in base 25 to convert to base 14 (To go back type /back)
> 76.agee1fkdeef4nl953n96ihdil
Conversion result: CD.5D859
Enter number in base 25 to convert to base 14 (To go back type /back)
> /back
Enter two numbers in format: {source base} {target base} (To quit type /exit) 
> 25 17
Enter number in base 25 to convert to base 17 (To go back type /back)
> d4.l6a21751mkml92ojbg286hhme
Conversion result: 126.E7C45
Enter number in base 25 to convert to base 17 (To go back type /back)
> /back
Enter two numbers in format: {source base} {target base} (To quit type /exit) 
> 25 20
Enter number in base 25 to convert to base 20 (To go back type /back)
> id.90a8n918eomioafgcd5nj2o0d
Conversion result: 133.74561
Enter number in base 25 to convert to base 20 (To go back type /back)
> /back
Enter two numbers in format: {source base} {target base} (To quit type /exit) 
> 25 23
Enter number in base 25 to convert to base 23 (To go back type /back)
> 11f.mf6ghhf17125be4o82el772jm
Conversion result: 15L.KIA3F
Enter number in base 25 to convert to base 23 (To go back type /back)
> /back
Enter two numbers in format: {source base} {target base} (To quit type /exit) 
> 25 26
Enter number in base 25 to convert to base 26 (To go back type /back)
> 17c.2cfo0d5e7kbfa48852h9eg446
Conversion result: 156.2FJCL
Enter number in base 25 to convert to base 26 (To go back type /back)
> /back
Enter two numbers in format: {source base} {target base} (To quit type /exit) 
> 25 29
Enter number in base 25 to convert to base 29 (To go back type /back)
> ol.9hm8jh1fam96jch1cm4154g95
Conversion result: LC.B7O8R
Enter number in base 25 to convert to base 29 (To go back type /back)
> /back
Enter two numbers in format: {source base} {target base} (To quit type /exit) 
> 25 32
Enter number in base 25 to convert to base 32 (To go back type /back)
> 12k.l5da4fm3ck8klm2376mmli040
Conversion result: LN.R57C6
Enter number in base 25 to convert to base 32 (To go back type /back)
> /back
Enter two numbers in format: {source base} {target base} (To quit type /exit) 
> 25 35
Enter number in base 25 to convert to base 35 (To go back type /back)
> co.m7ka2a5h53fki20okckab2m32
Conversion result: 99.V8B6K
Enter number in base 25 to convert to base 35 (To go back type /back)
> /back
Enter two numbers in format: {source base} {target base} (To quit type /exit) 
> 28 2
Enter number in base 28 to convert to base 2 (To go back type /back)
> 9l.dhhg7k7404l5meem6h36a8763e
Conversion result: 100010001.01111
Enter number in base 28 to convert to base 2 (To go back type /back)
> /back
Enter two numbers in format: {source base} {target base} (To quit type /exit) 
> 28 5
Enter number in base 28 to convert to base 5 (To go back type /back)
> 12l.4g7p3f02b9kra2k3lij85doq7
Conversion result: 11421.04021
Enter number in base 28 to convert to base 5 (To go back type /back)
> /back
Enter two numbers in format: {source base} {target base} (To quit type /exit) 
> 28 8
Enter number in base 28 to convert to base 8 (To go back type /back)
> r1.026j9a0rddor6lo2b9i66nck0c7
Conversion result: 1365.00135
Enter number in base 28 to convert to base 8 (To go back type /back)
> /back
Enter two numbers in format: {source base} {target base} (To quit type /exit) 
> 28 11
Enter number in base 28 to convert to base 11 (To go back type /back)
> 85.ra2l9akgef8ncomj2oo00lc7
Conversion result: 199.A8267
Enter number in base 28 to convert to base 11 (To go back type /back)
> /back
Enter two numbers in format: {source base} {target base} (To quit type /exit) 
> 28 14
Enter number in base 28 to convert to base 14 (To go back type /back)
> od.j94e59e2m3kf8p401irrag88l
Conversion result: 36D.9940C
Enter number in base 28 to convert to base 14 (To go back type /back)
> /back
Enter two numbers in format: {source base} {target base} (To quit type /exit) 
> 28 17
Enter number in base 28 to convert to base 17 (To go back type /back)
> mg.12oc865fcr8gk7d2fmnnj05kloe
Conversion result: 233.0B67F
Enter number in base 28 to convert to base 17 (To go back type /back)
> /back
Enter two numbers in format: {source base} {target base} (To quit type /exit) 
> 28 20
Enter number in base 28 to convert to base 20 (To go back type /back)
> 48.4faigf2dpa2a49eb28r4nec7
Conversion result: 60.34JG1
Enter number in base 28 to convert to base 20 (To go back type /back)
> /back
Enter two numbers in format: {source base} {target base} (To quit type /exit) 
> 28 23
Enter number in base 28 to convert to base 23 (To go back type /back)
> 5k.04pmnhgaajmmoid35d7lg7f8l
Conversion result: 6M.0378J
Enter number in base 28 to convert to base 23 (To go back type /back)
> /back
Enter two numbers in format: {source base} {target base} (To quit type /exit) 
> 28 26
Enter number in base 28 to convert to base 26 (To go back type /back)
> 38.0jcieo7936q7m5f3q2l46pe957
Conversion result: 3E.0GK26
Enter number in base 28 to convert to base 26 (To go back type /back)
> /back
Enter two numbers in format: {source base} {target base} (To quit type /exit) 
> 28 29
Enter number in base 28 to convert to base 29 (To go back type /back)
> 4k.1e8eqiq4jccef7pa4m58qgl957
Conversion result: 4G.1GB10
Enter number in base 28 to convert to base 29 (To go back type /back)
> /back
Enter two numbers in format: {source base} {target base} (To quit type /exit) 
> 28 32
Enter number in base 28 to convert to base 32 (To go back type /back)
> fh.g88ahd1md0121hl2gkj7db4ae
Conversion result: DL.IJVE9
Enter number in base 28 to convert to base 32 (To go back type /back)
> /back
Enter two numbers in format: {source base} {target base} (To quit type /exit) 
> 28 35
Enter number in base 28 to convert to base 35 (To go back type /back)
> h2.97j7a7ipla01nfp6bnjf7m5j7
Conversion result: DN.BKQO0
Enter number in base 28 to convert to base 35 (To go back type /back)
> /back
Enter two numbers in format: {source base} {target base} (To quit type /exit) 
> 31 2
Enter number in base 31 to convert to base 2 (To go back type /back)
> hk.f230lm0jk27t7ctok2sr1mo0t6pc3cn
Conversion result: 1000100011.01111
Enter number in base 31 to convert to base 2 (To go back type /back)
> /back
Enter two numbers in format: {source base} {target base} (To quit type /exit) 
> 31 5
Enter number in base 31 to convert to base 5 (To go back type /back)
> 10g.tcq4r6cc36h5u9frgdimmjbu11jtq89
Conversion result: 12402.43330
Enter number in base 31 to convert to base 5 (To go back type /back)
> /back
Enter two numbers in format: {source base} {target base} (To quit type /exit) 
> 31 8
Enter number in base 31 to convert to base 8 (To go back type /back)
> od.tkot3eqjmms8nl1sbe7ntn8e3ej7al5
Conversion result: 1365.75203
Enter number in base 31 to convert to base 8 (To go back type /back)
> /back
Enter two numbers in format: {source base} {target base} (To quit type /exit) 
> 31 11
Enter number in base 31 to convert to base 11 (To go back type /back)
> as.un8h1gbdbkbqn7h2d40fdg39dflsifm
Conversion result: 288.AA033
Enter number in base 31 to convert to base 11 (To go back type /back)
> /back
Enter two numbers in format: {source base} {target base} (To quit type /exit) 
> 31 14
Enter number in base 31 to convert to base 14 (To go back type /back)
> k.ephgpj1040s0j9td92p572kkl5lctha
Conversion result: 16.69A32
Enter number in base 31 to convert to base 14 (To go back type /back)
> /back
Enter two numbers in format: {source base} {target base} (To quit type /exit) 
> 31 17
Enter number in base 31 to convert to base 17 (To go back type /back)
> 7p.icn07646sd8u9i9a3d56q4hq8cdlht7
Conversion result: E4.A1AE8
Enter number in base 31 to convert to base 17 (To go back type /back)
> /back
Enter two numbers in format: {source base} {target base} (To quit type /exit) 
> 31 20
Enter number in base 31 to convert to base 20 (To go back type /back)
> 6.523uuk95mamlan0jh0gasb7n201ceuh
Conversion result: 6.3580I
Enter number in base 31 to convert to base 20 (To go back type /back)
> /back
Enter two numbers in format: {source base} {target base} (To quit type /exit) 
> 31 23
Enter number in base 31 to convert to base 23 (To go back type /back)
> 6p.4ooub9qk27d3rte90a3mhjqjpgdr12q
Conversion result: 94.3CKMK
Enter number in base 31 to convert to base 23 (To go back type /back)
> /back
Enter two numbers in format: {source base} {target base} (To quit type /exit) 
> 31 26
Enter number in base 31 to convert to base 26 (To go back type /back)
> 7t.d1qaa0si0hd7jtnnhu845p8te3d9kqk
Conversion result: 9C.AOKAE
Enter number in base 31 to convert to base 26 (To go back type /back)
> /back
Enter two numbers in format: {source base} {target base} (To quit type /exit) 
> 31 29
Enter number in base 31 to convert to base 29 (To go back type /back)
> 42.o4i63ku9q88ugqgcl163bafb4a5fbj1
Conversion result: 4A.MH36A
Enter number in base 31 to convert to base 29 (To go back type /back)
> /back
Enter two numbers in format: {source base} {target base} (To quit type /exit) 
> 31 32
Enter number in base 31 to convert to base 32 (To go back type /back)
> 8p.n5k3s0nmgguos3orm5gdid7hs7e3c5k
Conversion result: 8H.NTOBO
Enter number in base 31 to convert to base 32 (To go back type /back)
> /back
Enter two numbers in format: {source base} {target base} (To quit type /exit) 
> 31 35
Enter number in base 31 to convert to base 35 (To go back type /back)
> 7f.o5rne93902s9qkbr3mdhqfukngi29ah
Conversion result: 6M.RAVJY
Enter number in base 31 to convert to base 35 (To go back type /back)
> /back
Enter two numbers in format: {source base} {target base} (To quit type /exit) 
> 34 2
Enter number in base 34 to convert to base 2 (To go back type /back)
> eu.dbjnhko6j2dkwbxo5m20r66p937we6vs9f
Conversion result: 111111010.01100
Enter number in base 34 to convert to base 2 (To go back type /back)
> /back
Enter two numbers in format: {source base} {target base} (To quit type /exit) 
> 34 5
Enter number in base 34 to convert to base 5 (To go back type /back)
> ei.xns7vdvbgpca0kqqw5ri9grttaxcaxsx01
Conversion result: 3434.44342
Enter number in base 34 to convert to base 5 (To go back type /back)
> /back
Enter two numbers in format: {source base} {target base} (To quit type /exit) 
> 34 8
[...]
Conversion result: 11E666EF506.P92FF
Enter number in base 19 to convert to base 26 (To go back type /back)
> /back
Enter two numbers in format: {source base} {target base} (To quit type /exit) 
> 19 29
Enter number in base 19 to convert to base 29 (To go back type /back)
> 297hf041f556.d5d5d5d5d5d5ahgd871eeeid23
Conversion result: K14ERS928D.K8K8K
Enter number in base 19 to convert to base 29 (To go back type /back)
> /back
Enter two numbers in format: {source base} {target base} (To quit type /exit) 
> 19 32
Enter number in base 19 to convert to base 32 (To go back type /back)
> 292cccfig74i.7b7b7b7b7b7b8cg0g9e9hb32d1
Conversion result: 86RJDOUF0L.CPJ6C
Enter number in base 19 to convert to base 32 (To go back type /back)
> /back
Enter two numbers in format: {source base} {target base} (To quit type /exit) 
> 19 35
Enter number in base 19 to convert to base 35 (To go back type /back)
> 3fd562fcd9cg.5d5d5d5d5d5d63dice02776ae1
Conversion result: 5MWNT7VUUM.AHHHH
Enter number in base 19 to convert to base 35 (To go back type /back)
> /back
Enter two numbers in format: {source base} {target base} (To quit type /exit) 
> 22 2
Enter number in base 22 to convert to base 2 (To go back type /back)
> ii1c283dh3f.6d48hd48hd48d0fl51hf67c2gi
Conversion result: 1110001101010011011000100000100110010110011011101.01001
Enter number in base 22 to convert to base 2 (To go back type /back)
> /back
Enter two numbers in format: {source base} {target base} (To quit type /exit) 
> 22 5
Enter number in base 22 to convert to base 5 (To go back type /back)
> h02147k8750.248hd48hd48hfae08a237i4kdc
Conversion result: 433144012131022144020.02222
Enter number in base 22 to convert to base 5 (To go back type /back)
> /back
Enter two numbers in format: {source base} {target base} (To quit type /exit) 
> 22 8
Enter number in base 22 to convert to base 8 (To go back type /back)
> 75l39h23dh2.e6d48hd48hd4hkc1bi8d96jga6
Conversion result: 5372160154773024.51463
Enter number in base 22 to convert to base 8 (To go back type /back)
> /back
Enter two numbers in format: {source base} {target base} (To quit type /exit) 
> 22 11
Enter number in base 22 to convert to base 11 (To go back type /back)
> g96i6jedc7.ek37cak18la8ed739eic5fjkj
Conversion result: 6354756066A27.75046
Enter number in base 22 to convert to base 11 (To go back type /back)
> /back
Enter two numbers in format: {source base} {target base} (To quit type /exit) 
> 22 14
Enter number in base 22 to convert to base 14 (To go back type /back)
> f33khik4h08.c248hd48hd49dj231eh4idhakc
Conversion result: 7148553369936.79B2B
Enter number in base 22 to convert to base 14 (To go back type /back)
> /back
Enter two numbers in format: {source base} {target base} (To quit type /exit) 
> 22 17
Enter number in base 22 to convert to base 17 (To go back type /back)
> 25ickc4d0cd.b9el2e1gfiad1ack826f7l4g9
Conversion result: 1CE7823F4GED.8E4CF
Enter number in base 22 to convert to base 17 (To go back type /back)
> /back
Enter two numbers in format: {source base} {target base} (To quit type /exit) 
> 22 20
Enter number in base 22 to convert to base 20 (To go back type /back)
> e4bhcki0ac.2e1gfiac70j7g2igjl973b46j
Conversion result: 1D9IJF42788.28000
Enter number in base 22 to convert to base 20 (To go back type /back)
> /back
Enter two numbers in format: {source base} {target base} (To quit type /exit) 
> 22 23
Enter number in base 22 to convert to base 23 (To go back type /back)
> e6k7lc0d4k7.5b000
Conversion result: 94200IL4BI8.5H5H5
Enter number in base 22 to convert to base 23 (To go back type /back)
> /back
Enter two numbers in format: {source base} {target base} (To quit type /exit) 
> 22 26
Enter number in base 22 to convert to base 26 (To go back type /back)
> 8hc0a50gkh6.jhd48hd48hd4hkc1bi8d96jga6
Conversion result: 1H0O3NGGHG8.NAAAA
Enter number in base 22 to convert to base 26 (To go back type /back)
> /back
Enter two numbers in format: {source base} {target base} (To quit type /exit) 
> 22 29
Enter number in base 22 to convert to base 29 (To go back type /back)
> 86d661gf3cg.075fiac70j7k4e01207h9lj043
Conversion result: F5JQJL6GG1.0CHO6
Enter number in base 22 to convert to base 29 (To go back type /back)
> /back
Enter two numbers in format: {source base} {target base} (To quit type /exit) 
> 22 32
Enter number in base 22 to convert to base 32 (To go back type /back)
> i8j81j6hk0j.if8hd48hd48h419ka3d8cf25bf
Conversion result: DSHU2EUV5R.R6CPJ
Enter number in base 22 to convert to base 32 (To go back type /back)
> /back
Enter two numbers in format: {source base} {target base} (To quit type /exit) 
> 22 35
Enter number in base 22 to convert to base 35 (To go back type /back)
> 6251c8g197e.2ik563b9el2e6jld5j3e811kac
Conversion result: 21XP0W69KI.4J8Q8
Enter number in base 22 to convert to base 35 (To go back type /back)
> /back
Enter two numbers in format: {source base} {target base} (To quit type /exit) 
> 25 2
Enter number in base 25 to convert to base 2 (To go back type /back)
> 4cd4f32k99g.mccccccccccccccccccccccccc
Conversion result: 1100001100110100001100001001111100010111001101011.11100
Enter number in base 25 to convert to base 2 (To go back type /back)
> /back
Enter two numbers in format: {source base} {target base} (To quit type /exit) 
> 25 5
Enter number in base 25 to convert to base 5 (To go back type /back)
> 4j5h1oiof01.b6666666666666666666666666
Conversion result: 434103201443344300001.21111
Enter number in base 25 to convert to base 5 (To go back type /back)
> /back
Enter two numbers in format: {source base} {target base} (To quit type /exit) 
> 25 8
Enter number in base 25 to convert to base 8 (To go back type /back)
> 2fa2lgafdg2.3iiiiiiiiiiiiiiiiiiiiiiiii
Conversion result: 7056536107554512.11463
Enter number in base 25 to convert to base 8 (To go back type /back)
> /back
Enter two numbers in format: {source base} {target base} (To quit type /exit) 
> 25 11
Enter number in base 25 to convert to base 11 (To go back type /back)
> 373kb3h9cl2.00000
Conversion result: 90944A99411859.00000
Enter number in base 25 to convert to base 11 (To go back type /back)
> /back
Enter two numbers in format: {source base} {target base} (To quit type /exit) 
> 25 14
Enter number in base 25 to convert to base 14 (To go back type /back)
> 55205meaj88.diiiiiiiiiimk9l5d3k8d0bk97
Conversion result: 8A7708790AC9C.79B2B
Enter number in base 25 to convert to base 14 (To go back type /back)
> /back
Enter two numbers in format: {source base} {target base} (To quit type /exit) 
> 25 17
Enter number in base 25 to convert to base 17 (To go back type /back)
> 24il55105h2.46666666666666666666666666
Conversion result: 61A53D2E36DC.2F239
Enter number in base 25 to convert to base 17 (To go back type /back)
> /back
Enter two numbers in format: {source base} {target base} (To quit type /exit) 
> 25 20
Enter number in base 25 to convert to base 20 (To go back type /back)
> 3hf3n7jeali.diiiiiiiiiimk9l5d3k8d0bk97
Conversion result: 1E9J852DD25I.AJJJJ
Enter number in base 25 to convert to base 20 (To go back type /back)
> /back
Enter two numbers in format: {source base} {target base} (To quit type /exit) 
> 25 23
Enter number in base 25 to convert to base 23 (To go back type /back)
> 4c715l9mm82.k0000
Conversion result: A7IBA4FM668.I94DI
Enter number in base 25 to convert to base 23 (To go back type /back)
> /back
Enter two numbers in format: {source base} {target base} (To quit type /exit) 
> 25 26
Enter number in base 25 to convert to base 26 (To go back type /back)
> 8hcn9flk49.5ffffffffffffffffffffffff
Conversion result: 62O9PEPPP4.5M2FF
Enter number in base 25 to convert to base 26 (To go back type /back)
> /back
Enter two numbers in format: {source base} {target base} (To quit type /exit) 
> 25 29
Enter number in base 25 to convert to base 29 (To go back type /back)
> 403237f8e91.b6666666666666666666666666
Conversion result: Q9EIDR4S8J.D1D1D
Enter number in base 25 to convert to base 29 (To go back type /back)
> /back
Enter two numbers in format: {source base} {target base} (To quit type /exit) 
> 25 32
Enter number in base 25 to convert to base 32 (To go back type /back)
> 288b91lo8bd.afffffffffffffffffffffffff
Conversion result: 6ACQR9DPNS.DJ6CP
Enter number in base 25 to convert to base 32 (To go back type /back)
> /back
Enter two numbers in format: {source base} {target base} (To quit type /exit) 
> 25 35
Enter number in base 25 to convert to base 35 (To go back type /back)
> bgmaiho076.2666666666666666666666666
Conversion result: JR9C6EJTG.358Q8
Enter number in base 25 to convert to base 35 (To go back type /back)
> /back
Enter two numbers in format: {source base} {target base} (To quit type /exit) 
> 28 2
Enter number in base 28 to convert to base 2 (To go back type /back)
> gbj69ql9j1.fb5gmb5gmb66db7qkp10aelc7
Conversion result: 100111011111001111010011001011010001110001100101.10001
Enter number in base 28 to convert to base 2 (To go back type /back)
> /back
Enter two numbers in format: {source base} {target base} (To quit type /exit) 
> 28 5
Enter number in base 28 to convert to base 5 (To go back type /back)
> 1c4qpc6la09.cgmb5gmb5gm872m05nn4gpf2he
Conversion result: 421201401120133203034.21111
Enter number in base 28 to convert to base 5 (To go back type /back)
> /back
Enter two numbers in format: {source base} {target base} (To quit type /exit) 
> 28 8
Enter number in base 28 to convert to base 8 (To go back type /back)
> 14pm7jk1c60.8b5gmb5gmb5jkp5rm44nb2cpae
Conversion result: 11713626674111450.23146
Enter number in base 28 to convert to base 8 (To go back type /back)
> /back
Enter two numbers in format: {source base} {target base} (To quit type /exit) 
> 28 11
Enter number in base 28 to convert to base 11 (To go back type /back)
> o24fcndd8j.e0000
Conversion result: 7417871695A7A5.55555
Enter number in base 28 to convert to base 11 (To go back type /back)
> /back
Enter two numbers in format: {source base} {target base} (To quit type /exit) 
> 28 14
Enter number in base 28 to convert to base 14 (To go back type /back)
> i1j1a953jh.efj13a26k4dgccp58h14l3cd3e
Conversion result: 3526A2386D0B3.73CC4
Enter number in base 28 to convert to base 14 (To go back type /back)
> /back
Enter two numbers in format: {source base} {target base} (To quit type /exit) 
> 28 17
Enter number in base 28 to convert to base 17 (To go back type /back)
> q5924j990j.2mb5gmb5gmb77qbboiala9bae
Conversion result: 817454A81021.1BF51
Enter number in base 28 to convert to base 17 (To go back type /back)
> /back
Enter two numbers in format: {source base} {target base} (To quit type /exit) 
> 28 20
Enter number in base 28 to convert to base 20 (To go back type /back)
> 11q571bbmla.l0000
Conversion result: 1AI9HC2E8HHI.F0000
Enter number in base 28 to convert to base 20 (To go back type /back)
> /back
Enter two numbers in format: {source base} {target base} (To quit type /exit) 
> 28 23
Enter number in base 28 to convert to base 23 (To go back type /back)
> ngmbe26ra9.ip5gmb5gmb66db7qkp10aelc7
Conversion result: 60DLKKJLF06.FC1GF
Enter number in base 28 to convert to base 23 (To go back type /back)
> /back
Enter two numbers in format: {source base} {target base} (To quit type /exit) 
> 28 26
Enter number in base 28 to convert to base 26 (To go back type /back)
> 19mfcr34j31.9mb5gmb5gmaol8a0hfddmkh7oe
Conversion result: 2LH2AEL5IL3.92FFF
Enter number in base 28 to convert to base 26 (To go back type /back)
> /back
Enter two numbers in format: {source base} {target base} (To quit type /exit) 
> 28 29
Enter number in base 28 to convert to base 29 (To go back type /back)
> 14ba99opol1.gmb5gmb5gmbbdmbrg89im4pml
Conversion result: NI7RC0PJ91.HBHBH
Enter number in base 28 to convert to base 29 (To go back type /back)
> /back
Enter two numbers in format: {source base} {target base} (To quit type /exit) 
> 28 32
Enter number in base 28 to convert to base 32 (To go back type /back)
> 16p4ec26j1m.8b5gmb5gmb5jkp5rm44nb2cpae
Conversion result: AFOBJ0MBN2.9J6CP
Enter number in base 28 to convert to base 32 (To go back type /back)
> /back
Enter two numbers in format: {source base} {target base} (To quit type /exit) 
> 28 35
Enter number in base 28 to convert to base 35 (To go back type /back)
> cen24gr88q.5gmb5gmb5gmfh9mrj6772hja1l
Conversion result: 1NU1OJMH2X.6YYYY
Enter number in base 28 to convert to base 35 (To go back type /back)
> /back
Enter two numbers in format: {source base} {target base} (To quit type /exit) 
> 31 2
Enter number in base 31 to convert to base 2 (To go back type /back)
> hg9qf6ua62.h1h1h1h1h1hjim8200u5b66qn8
Conversion result: 1101001010111001110011101011011110001001101001111.10001
Enter number in base 31 to convert to base 2 (To go back type /back)
> /back
Enter two numbers in format: {source base} {target base} (To quit type /exit) 
> 31 5
Enter number in base 31 to convert to base 5 (To go back type /back)
> d7qk5idkht.h1h1h1h1h1hjim8200u5b66qn8
Conversion result: 331412224204233130013.23333
Enter number in base 31 to convert to base 5 (To go back type /back)
> /back
Enter two numbers in format: {source base} {target base} (To quit type /exit) 
> 31 8
Enter number in base 31 to convert to base 8 (To go back type /back)
> 5o55le969c.a2a2a2a2a2atchrifgtngnbke4
Conversion result: 4257534027361554.24631
Enter number in base 31 to convert to base 8 (To go back type /back)
> /back
Enter two numbers in format: {source base} {target base} (To quit type /exit) 
> 31 11
Enter number in base 31 to convert to base 11 (To go back type /back)
> k4jort487.skskskskskt7uajlbkaompif3
Conversion result: 5526341698265.A1A1A
Enter number in base 31 to convert to base 11 (To go back type /back)
> /back
Enter two numbers in format: {source base} {target base} (To quit type /exit) 
> 31 14
Enter number in base 31 to convert to base 14 (To go back type /back)
> a5j01084ks.lllllllllll3k0ul7m8hrh0rfe
Conversion result: 4A6879664A963.9B2B2
Enter number in base 31 to convert to base 14 (To go back type /back)
> /back
Enter two numbers in format: {source base} {target base} (To quit type /exit) 
> 31 17
Enter number in base 31 to convert to base 17 (To go back type /back)
> a1b5u0ibod.rrrrrrrrrrtk1s0t7q58aasafj
Conversion result: 7CC5992B662G.F51BF
Enter number in base 31 to convert to base 17 (To go back type /back)
> /back
Enter two numbers in format: {source base} {target base} (To quit type /exit) 
> 31 20
Enter number in base 31 to convert to base 20 (To go back type /back)
> 3n5f71o8pf.jq17djq17djmd9fdh1b0ep38i
Conversion result: 9DAB5BHC9I6.CG000
Enter number in base 31 to convert to base 20 (To go back type /back)
> /back
Enter two numbers in format: {source base} {target base} (To quit type /exit) 
> 31 23
Enter number in base 31 to convert to base 23 (To go back type /back)
> 1tcmbrmcm2.94falgrn2t8okgqt0ndkp1le5
Conversion result: 15DLB4ML7B0.6I162
Enter number in base 31 to convert to base 23 (To go back type /back)
> /back
Enter two numbers in format: {source base} {target base} (To quit type /exit) 
> 31 26
Enter number in base 31 to convert to base 26 (To go back type /back)
> 6c3g1d38ri.7n7n7n7n7n7n7n7n7n7n7n7n7n
Conversion result: 1533CPKC123.6D000
Enter number in base 31 to convert to base 26 (To go back type /back)
> /back
Enter two numbers in format: {source base} {target base} (To quit type /exit) 
> 31 29
Enter number in base 31 to convert to base 29 (To go back type /back)
> i53om6fitn.ffffffffffffffffffffffffff
Conversion result: 1432IHMO8Q4.EEEEE
Enter number in base 31 to convert to base 29 (To go back type /back)
> /back
Enter two numbers in format: {source base} {target base} (To quit type /exit) 
> 31 32
Enter number in base 31 to convert to base 32 (To go back type /back)
> i0odogdt8j.ffffffffffffffffffffffffff
Conversion result: DHEF1T6I8M.G0000
Enter number in base 31 to convert to base 32 (To go back type /back)
> /back
Enter two numbers in format: {source base} {target base} (To quit type /exit) 
> 31 35
Enter number in base 31 to convert to base 35 (To go back type /back)
> 39klda7hn7.00000
Conversion result: 13UY41M4LA.00000
Enter number in base 31 to convert to base 35 (To go back type /back)
> /back
Enter two numbers in format: {source base} {target base} (To quit type /exit) 
> 34 2
Enter number in base 34 to convert to base 2 (To go back type /back)
> 1dbbict39a.gatv9hn42ogus65tp53glvxsf
Conversion result: 10011001110000010101111010110010100000101110000.01111
Enter number in base 34 to convert to base 2 (To go back type /back)
> /back
Enter two numbers in format: {source base} {target base} (To quit type /exit) 
> 34 5
Enter number in base 34 to convert to base 5 (To go back type /back)
> 3w3sejwkhb.wa6r6r6r6r0vo698kgx3ik1lj6
Conversion result: 222342413114333113101.43333
Enter number in base 34 to convert to base 5 (To go back type /back)
> /back
Enter two numbers in format: {source base} {target base} (To quit type /exit) 
> 34 8
Enter number in base 34 to convert to base 8 (To go back type /back)
> 1lcnkjf6f6.xatv9hn42ogus65tp53glvxsf
Conversion result: 2636761557617204.76560
Enter number in base 34 to convert to base 8 (To go back type /back)
> /back
Enter two numbers in format: {source base} {target base} (To quit type /exit) 
> 34 11
Enter number in base 34 to convert to base 11 (To go back type /back)
> 45klqnxhnh.00000
Conversion result: 7363728A9082A2.00000
Enter number in base 34 to convert to base 11 (To go back type /back)
> /back
Enter two numbers in format: {source base} {target base} (To quit type /exit) 
> 34 14
Enter number in base 34 to convert to base 14 (To go back type /back)
> 4gdceq9b9i.sukdkdkdkdhft34la8giqa0rqk
Conversion result: 4B2BAC2182AB6.BC858
Enter number in base 34 to convert to base 14 (To go back type /back)
> /back
Enter two numbers in format: {source base} {target base} (To quit type /exit) 
> 34 17
Enter number in base 34 to convert to base 17 (To go back type /back)
> 3iogwa3v7u.m3dkdkdkdkgi4utcnphf7nx67d
Conversion result: 64FF7DD8E5FD.B0E7B
Enter number in base 34 to convert to base 17 (To go back type /back)
> /back
Enter two numbers in format: {source base} {target base} (To quit type /exit) 
> 34 20
Enter number in base 34 to convert to base 20 (To go back type /back)
> 74osvh1kd8.1nr6r6r6r6rfkeok438ibn3vim
Conversion result: 226C67D9IGD6.10000
Enter number in base 34 to convert to base 20 (To go back type /back)
> /back
Enter two numbers in format: {source base} {target base} (To quit type /exit) 
> 34 23
Enter number in base 34 to convert to base 23 (To go back type /back)
> 2ooaxmk5x7.ao4psj1c85gogihl7fafvrxhb8
Conversion result: 3ML64KG63AE.75EDL
Enter number in base 34 to convert to base 23 (To go back type /back)
> /back
Enter two numbers in format: {source base} {target base} (To quit type /exit) 
> 34 26
Enter number in base 34 to convert to base 26 (To go back type /back)
> 6l8stqqx6u.wa6r6r6r6r0vo698kgx3ik1lj6
Conversion result: 2M28ACNEJBK.OI555
Enter number in base 34 to convert to base 26 (To go back type /back)
> /back
Enter two numbers in format: {source base} {target base} (To quit type /exit) 
> 34 29
Enter number in base 34 to convert to base 29 (To go back type /back)
> 4ru9d2hp9t.00000
Conversion result: K51M5JSSLA.00000
Enter number in base 34 to convert to base 29 (To go back type /back)
> /back
Enter two numbers in format: {source base} {target base} (To quit type /exit) 
> 34 32
Enter number in base 34 to convert to base 32 (To go back type /back)
> 7dppsta2ep.sukdkdkdkdhft34la8giqa0rqk
Conversion result: COSMP706AT.R6CPJ
Enter number in base 34 to convert to base 32 (To go back type /back)
> /back
Enter two numbers in format: {source base} {target base} (To quit type /exit) 
> 34 35
Enter number in base 34 to convert to base 35 (To go back type /back)
> 7ro6gr8xe2.00000
Conversion result: 60P1YPXSSQ.00000
Enter number in base 34 to convert to base 35 (To go back type /back)
> /back
Enter two numbers in format: {source base} {target base} (To quit type /exit) 
> /exit
]]></system-out>
  <system-err><![CDATA[]]></system-err>
</testsuite>
